2009.03.01 18:17 B D:\Musikschule\download\AlohaOe.zip <-- Musikschule /html/download AlohaOe.zip
2009.03.01 18:17 B D:\Musikschule\download\Barcarole.zip <-- Musikschule /html/download Barcarole.zip
2009.03.01 18:17 B D:\Musikschule\download\Mondschein.zip <-- Musikschule /html/download Mondschein.zip
2009.03.01 18:17 B D:\Musikschule\download\Morning.zip <-- Musikschule /html/download Morning.zip
2009.03.01 18:18 B D:\Musikschule\download\Nachtmusik.zip <-- Musikschule /html/download Nachtmusik.zip
2009.03.01 18:18 B D:\Musikschule\download\PM.zip <-- Musikschule /html/download PM.zip
2009.03.01 18:18 B D:\Musikschule\download\SwanLake.zip <-- Musikschule /html/download SwanLake.zip
2009.03.15 20:15 B D:\Musikschule\download\Die Fledermaus.zip --> www.musikschule-ziebart.de /html/download Die Fledermaus.zip
2009.03.17 17:33 B D:\Musikschule\download\Die Schlittschuhläufer.zip --> www.musikschule-ziebart.de /html/download Die Schlittschuhläufer.zip
2009.03.17 17:46 B D:\Musikschule\download\Die Schlitt.zip --> www.musikschule-ziebart.de /html/download Die Schlitt.zip
2009.03.17 18:01 B D:\Musikschule\download\Die Schlitt.zip --> www.musikschule-ziebart.de /html/download Die Schlitt.zip
2009.07.08 11:44 B D:\Musikschule\download\Barcarole.zip --> www.musikschule-ziebart.de /html/download Barcarole.zip
2009.07.12 22:08 B D:\Musikschule\download\Wondering Around.zip --> www.musikschule-ziebart.de /html/download Wondering Around.zip
2009.07.13 19:54 B D:\Musikschule\download\SwanLake.zip --> www.musikschule-ziebart.de /html/download SwanLake.zip
2009.07.15 10:02 B D:\Musikschule\download\Morning.zip --> www.musikschule-ziebart.de /html/download Morning.zip
2009.07.18 19:54 B D:\Musikschule\download\SwanLake.zip --> www.musikschule-ziebart.de /html/download SwanLake.zip
2009.07.18 19:55 B D:\Musikschule\download\Morning.zip --> www.musikschule-ziebart.de /html/download Morning.zip
2009.07.28 10:36 B D:\Musikschule\download\Nachtmusik.zip --> www.musikschule-ziebart.de /html/download Nachtmusik.zip
2009.07.28 11:09 B D:\Musikschule\download\Nachtmusik.zip --> www.musikschule-ziebart.de /html/download Nachtmusik.zip
2009.08.01 05:17 B D:\Musikschule\download\Nachtmusik.zip --> www.musikschule-ziebart.de /html/download Nachtmusik.zip
2009.08.01 14:07 B D:\Musikschule\download\SwanLake.zip --> www.musikschule-ziebart.de /html/download SwanLake.zip
2009.08.05 12:04 B D:\Musikschule\download\Nachtmusik.zip --> www.musikschule-ziebart.de /html/download Nachtmusik.zip
2012.08.05 07:31 B C:\Musikschule\download\Lullaby.zip --> www.musikschule-ziebart.de /html/download Lullaby.zip
2012.08.06 23:17 B C:\Musikschule\download\Nocturne.zip --> www.musikschule-ziebart.de /html/download Nocturne.zip
2012.08.06 23:28 B C:\Musikschule\download\Nocturne.zip --> www.musikschule-ziebart.de /html/download Nocturne.zip
2012.08.20 09:57 B C:\Musikschule\download\Intermezzo.zip --> www.musikschule-ziebart.de /html/download Intermezzo.zip
2012.08.20 16:00 B C:\Musikschule\download\Intermezzo.zip --> www.musikschule-ziebart.de /html/download Intermezzo.zip
2012.08.26 11:45 B C:\Musikschule\download\Intermezzo.zip --> www.musikschule-ziebart.de /html/download Intermezzo.zip
2012.08.28 16:45 B C:\Musikschule\download\Intermezzo.zip --> www.musikschule-ziebart.de /html/download Intermezzo.zip
2012.08.29 18:13 B C:\Musikschule\download\Intermezzo.zip --> www.musikschule-ziebart.de /html/download Intermezzo.zip
2012.08.30 21:12 B C:\Musikschule\download\Intermezzo.zip --> www.musikschule-ziebart.de /html/download Intermezzo.zip
2012.08.31 03:15 B C:\Musikschule\download\Intermezzo.zip --> www.musikschule-ziebart.de /html/download Intermezzo.zip
2013.06.08 08:14 B C:\Musikschule\download\AlohaOe.zip --> server107.greatnet.de /html/download AlohaOe.zip
2013.06.08 08:14 B C:\Musikschule\download\Barcarole.zip --> server107.greatnet.de /html/download Barcarole.zip
2013.06.08 08:15 B C:\Musikschule\download\Die Fledermaus.zip --> server107.greatnet.de /html/download Die Fledermaus.zip
2013.06.08 08:15 B C:\Musikschule\download\Die Schlitt.zip --> server107.greatnet.de /html/download Die Schlitt.zip
2013.06.08 08:15 B C:\Musikschule\download\Intermezzo.zip --> server107.greatnet.de /html/download Intermezzo.zip
2013.06.08 08:15 B C:\Musikschule\download\Mondschein.zip --> server107.greatnet.de /html/download Mondschein.zip
2013.06.08 08:15 B C:\Musikschule\download\Morning.zip --> server107.greatnet.de /html/download Morning.zip
2013.06.08 08:15 B C:\Musikschule\download\Nachtmusik.zip --> server107.greatnet.de /html/download Nachtmusik.zip
2013.06.08 08:15 B C:\Musikschule\download\PM.zip --> server107.greatnet.de /html/download PM.zip
2013.06.08 08:15 B C:\Musikschule\download\SwanLake.zip --> server107.greatnet.de /html/download SwanLake.zip
2013.06.08 08:15 B C:\Musikschule\download\WS_FTP.LOG --> server107.greatnet.de /html/download WS_FTP.LOG
2013.07.15 11:47 B C:\Musikschule\download\AlohaOe.zip --> www.musikschule-ziebart.de /html/download AlohaOe.zip
2013.07.15 11:47 B C:\Musikschule\download\Barcarole.zip --> www.musikschule-ziebart.de /html/download Barcarole.zip
2013.07.15 11:47 B C:\Musikschule\download\Die Fledermaus.zip --> www.musikschule-ziebart.de /html/download Die Fledermaus.zip
2013.07.15 11:47 B C:\Musikschule\download\Die Schlitt.zip --> www.musikschule-ziebart.de /html/download Die Schlitt.zip
2013.07.15 11:47 B C:\Musikschule\download\Intermezzo.zip --> www.musikschule-ziebart.de /html/download Intermezzo.zip
2013.07.15 11:47 B C:\Musikschule\download\Mondschein.zip --> www.musikschule-ziebart.de /html/download Mondschein.zip
2013.07.15 11:47 B C:\Musikschule\download\Morning.zip --> www.musikschule-ziebart.de /html/download Morning.zip
2013.07.15 11:47 B C:\Musikschule\download\Nachtmusik.zip --> www.musikschule-ziebart.de /html/download Nachtmusik.zip
2013.07.15 11:47 B C:\Musikschule\download\PM.zip --> www.musikschule-ziebart.de /html/download PM.zip
2013.07.15 11:47 B C:\Musikschule\download\SwanLake.zip --> www.musikschule-ziebart.de /html/download SwanLake.zip
