2009.03.01 06:48 B D:\Musikschule\bilder\Barcaro2.gif <-- Musikschule /html/bilder Barcaro2.gif
2009.03.01 06:48 B D:\Musikschule\bilder\Nachtmu1.gif <-- Musikschule /html/bilder Nachtmu1.gif
2009.03.01 06:49 B D:\Musikschule\bilder\PM1.gif <-- Musikschule /html/bilder PM1.gif
2009.03.01 06:50 B D:\Musikschule\bilder\Mondschein.gif <-- Musikschule /html/bilder Mondschein.gif
2009.03.01 06:51 B D:\Musikschule\bilder\Morning1.gif <-- Musikschule /html/bilder Morning1.gif
2009.03.01 06:51 B D:\Musikschule\bilder\SwanLak1.gif <-- Musikschule /html/bilder SwanLak1.gif
2009.03.01 06:52 B D:\Musikschule\bilder\Aloha.gif <-- Musikschule /html/bilder Aloha.gif
2009.03.01 19:20 B D:\Musikschule\bilder\Aloha.gif --> www.musikschule-ziebart.de /html/bilder Aloha.gif
2009.03.01 19:20 B D:\Musikschule\bilder\Barcaro2.gif --> www.musikschule-ziebart.de /html/bilder Barcaro2.gif
2009.03.01 19:20 B D:\Musikschule\bilder\Mondschein.gif --> www.musikschule-ziebart.de /html/bilder Mondschein.gif
2009.03.01 19:21 B D:\Musikschule\bilder\Morning1.gif --> www.musikschule-ziebart.de /html/bilder Morning1.gif
2009.03.01 19:21 B D:\Musikschule\bilder\Nachtmu1.gif --> www.musikschule-ziebart.de /html/bilder Nachtmu1.gif
2009.03.01 19:21 B D:\Musikschule\bilder\SwanLak1.gif --> www.musikschule-ziebart.de /html/bilder SwanLak1.gif
2009.03.01 19:21 B D:\Musikschule\bilder\PM1.gif --> www.musikschule-ziebart.de /html/bilder PM1.gif
2009.03.14 13:30 B D:\Musikschule\bilder\PM1.pdf --> www.musikschule-ziebart.de /html/bilder PM1.pdf
2009.03.14 13:34 B D:\Musikschule\bilder\Aloha Oe 1.pdf --> www.musikschule-ziebart.de /html/bilder Aloha Oe 1.pdf
2009.03.14 13:34 B D:\Musikschule\bilder\Barcaro2.pdf --> www.musikschule-ziebart.de /html/bilder Barcaro2.pdf
2009.03.14 13:35 B D:\Musikschule\bilder\Mondscheinsonate.pdf --> www.musikschule-ziebart.de /html/bilder Mondscheinsonate.pdf
2009.03.14 13:35 B D:\Musikschule\bilder\Morning1.pdf --> www.musikschule-ziebart.de /html/bilder Morning1.pdf
2009.03.14 13:35 B D:\Musikschule\bilder\Nachtmu1.pdf --> www.musikschule-ziebart.de /html/bilder Nachtmu1.pdf
2009.03.14 13:37 B D:\Musikschule\bilder\Nachtmu1.pdf --> www.musikschule-ziebart.de /html/bilder Nachtmu1.pdf
2009.03.14 13:38 B D:\Musikschule\bilder\SwanLak1.pdf --> www.musikschule-ziebart.de /html/bilder SwanLak1.pdf
2009.03.14 13:43 B D:\Musikschule\bilder\SwanLak1.pdf --> www.musikschule-ziebart.de /html/bilder SwanLak1.pdf
2009.03.14 13:44 B D:\Musikschule\bilder\Nachtmu1.pdf --> www.musikschule-ziebart.de /html/bilder Nachtmu1.pdf
2009.03.14 13:44 B D:\Musikschule\bilder\Nachtmu1.pdf --> www.musikschule-ziebart.de /html/bilder Nachtmu1.pdf
2009.03.14 13:47 B D:\Musikschule\bilder\Nachtmu1.pdf --> www.musikschule-ziebart.de /html/bilder Nachtmu1.pdf
2009.03.14 13:51 B D:\Musikschule\bilder\Watch.gif <-- Musikschule /html/bilder Watch.gif
2009.03.14 13:52 B D:\Musikschule\bilder\stairway23.gif <-- Musikschule /html/bilder stairway23.gif
2009.03.15 20:14 B D:\Musikschule\bilder\Flederm1.pdf --> www.musikschule-ziebart.de /html/bilder Flederm1.pdf
2009.03.16 14:08 B D:\Musikschule\bilder\Aloha Oe 1.pdf --> www.musikschule-ziebart.de /html/bilder Aloha Oe 1.pdf
2009.03.16 14:09 B D:\Musikschule\bilder\Barcaro2.pdf --> www.musikschule-ziebart.de /html/bilder Barcaro2.pdf
2009.03.16 14:09 B D:\Musikschule\bilder\Mondscheinsonate.pdf --> www.musikschule-ziebart.de /html/bilder Mondscheinsonate.pdf
2009.03.16 14:09 B D:\Musikschule\bilder\Morning1.pdf --> www.musikschule-ziebart.de /html/bilder Morning1.pdf
2009.03.16 14:10 B D:\Musikschule\bilder\Nachtmu1.pdf --> www.musikschule-ziebart.de /html/bilder Nachtmu1.pdf
2009.03.16 14:10 B D:\Musikschule\bilder\PM1.pdf --> www.musikschule-ziebart.de /html/bilder PM1.pdf
2009.03.16 14:10 B D:\Musikschule\bilder\SwanLak1.pdf --> www.musikschule-ziebart.de /html/bilder SwanLak1.pdf
2009.03.17 17:32 B D:\Musikschule\bilder\Schlitt1.pdf --> www.musikschule-ziebart.de /html/bilder Schlitt1.pdf
2009.03.23 22:37 B D:\Musikschule\bilder\Aloha Oe.pdf --> www.musikschule-ziebart.de /html/bilder Aloha Oe.pdf
2009.03.23 22:38 B D:\Musikschule\bilder\Barcaro.pdf --> www.musikschule-ziebart.de /html/bilder Barcaro.pdf
2009.03.23 22:38 B D:\Musikschule\bilder\Flederm.pdf --> www.musikschule-ziebart.de /html/bilder Flederm.pdf
2009.03.23 22:38 B D:\Musikschule\bilder\Mondschein.gif --> www.musikschule-ziebart.de /html/bilder Mondschein.gif
2009.03.23 22:39 B D:\Musikschule\bilder\Morning.pdf --> www.musikschule-ziebart.de /html/bilder Morning.pdf
2009.03.23 22:39 B D:\Musikschule\bilder\Nachtmu.pdf --> www.musikschule-ziebart.de /html/bilder Nachtmu.pdf
2009.03.23 22:39 B D:\Musikschule\bilder\PM.pdf --> www.musikschule-ziebart.de /html/bilder PM.pdf
2009.03.23 22:40 B D:\Musikschule\bilder\Schlitt.pdf --> www.musikschule-ziebart.de /html/bilder Schlitt.pdf
2009.03.23 22:40 B D:\Musikschule\bilder\SwanLake.pdf --> www.musikschule-ziebart.de /html/bilder SwanLake.pdf
2009.03.23 22:50 B D:\Musikschule\bilder\Mondschein.pdf --> www.musikschule-ziebart.de /html/bilder Mondschein.pdf
2009.04.12 23:59 B D:\Musikschule\bilder\Anmeldung.pdf --> www.musikschule-ziebart.de /html/bilder Anmeldung.pdf
2009.04.13 09:32 B D:\Musikschule\bilder\Anmeldung.pdf --> www.musikschule-ziebart.de /html/bilder Anmeldung.pdf
2009.04.13 09:32 B D:\Musikschule\bilder\Anmeldung.pdf --> www.musikschule-ziebart.de /html/bilder Anmeldung.pdf
2009.04.13 17:33 B D:\Musikschule\bilder\Anmeldung.pdf --> www.musikschule-ziebart.de /html/bilder Anmeldung.pdf
2009.04.13 20:27 B D:\Musikschule\bilder\AM.pdf --> www.musikschule-ziebart.de /html/bilder AM.pdf
2009.04.13 21:12 B D:\Musikschule\bilder\AM.pdf --> www.musikschule-ziebart.de /html/bilder AM.pdf
2009.04.13 22:01 B D:\Musikschule\bilder\AM.pdf --> www.musikschule-ziebart.de /html/bilder AM.pdf
2009.04.13 23:36 B D:\Musikschule\bilder\AM.pdf --> www.musikschule-ziebart.de /html/bilder AM.pdf
2009.04.13 23:36 B D:\Musikschule\bilder\AM.xdp --> www.musikschule-ziebart.de /html/bilder AM.xdp
2009.04.14 08:39 B D:\Musikschule\bilder\AM.pdf --> www.musikschule-ziebart.de /html/bilder AM.pdf
2009.04.14 09:09 B D:\Musikschule\bilder\AM.pdf --> www.musikschule-ziebart.de /html/bilder AM.pdf
2009.04.14 10:18 B D:\Musikschule\bilder\AM.pdf --> www.musikschule-ziebart.de /html/bilder AM.pdf
2009.04.14 10:21 B D:\Musikschule\bilder\AM.pdf --> www.musikschule-ziebart.de /html/bilder AM.pdf
2009.04.14 11:59 B D:\Musikschule\bilder\AM.pdf --> www.musikschule-ziebart.de /html/bilder AM.pdf
2009.04.14 11:59 B D:\Musikschule\bilder\AM.pdf --> www.musikschule-ziebart.de /html/bilder AM.pdf
2009.04.14 12:14 B D:\Musikschule\bilder\AM.pdf --> www.musikschule-ziebart.de /html/bilder AM.pdf
2009.04.14 12:30 A D:\Musikschule\bilder\AM.pdf --> www.musikschule-ziebart.de /html/bilder AM.pdf
2009.04.14 12:32 B D:\Musikschule\bilder\AM.pdf --> www.musikschule-ziebart.de /html/bilder AM.pdf
2009.04.14 13:41 B D:\Musikschule\bilder\AM.pdf --> www.musikschule-ziebart.de /html/bilder AM.pdf
2009.04.15 10:54 B D:\Musikschule\bilder\AM.pdf --> www.musikschule-ziebart.de /html/bilder AM.pdf
2009.04.15 11:09 B D:\Musikschule\bilder\AM.pdf --> www.musikschule-ziebart.de /html/bilder AM.pdf
2009.04.15 12:24 B D:\Musikschule\bilder\AM.pdf --> www.musikschule-ziebart.de /html/bilder AM.pdf
2009.04.15 12:52 B D:\Musikschule\bilder\AM.pdf --> www.musikschule-ziebart.de /html/bilder AM.pdf
2009.04.15 17:11 B D:\Musikschule\bilder\AM.pdf --> www.musikschule-ziebart.de /html/bilder AM.pdf
2009.04.15 18:21 B D:\Musikschule\bilder\AM.pdf <-- Musikschule /html/bilder AM.pdf
2009.04.15 20:09 B D:\Musikschule\bilder\AM.pdf --> www.musikschule-ziebart.de /html/bilder AM.pdf
2009.04.15 20:23 B D:\Musikschule\bilder\AM.pdf --> www.musikschule-ziebart.de /html/bilder AM.pdf
2009.04.15 20:32 B D:\Musikschule\bilder\AM.pdf --> www.musikschule-ziebart.de /html/bilder AM.pdf
2009.04.15 21:05 B D:\Musikschule\bilder\AM.pdf --> www.musikschule-ziebart.de /html/bilder AM.pdf
2009.04.15 21:31 B D:\Musikschule\bilder\AM.pdf --> www.musikschule-ziebart.de /html/bilder AM.pdf
2009.04.15 21:37 B D:\Musikschule\bilder\AM.pdf --> www.musikschule-ziebart.de /html/bilder AM.pdf
2009.04.15 22:27 B D:\Musikschule\bilder\AM.pdf --> www.musikschule-ziebart.de /html/bilder AM.pdf
2009.04.16 08:53 B D:\Musikschule\bilder\AM.pdf --> www.musikschule-ziebart.de /html/bilder AM.pdf
2009.04.16 09:13 B D:\Musikschule\bilder\AM.pdf --> www.musikschule-ziebart.de /html/bilder AM.pdf
2009.04.16 09:27 B D:\Musikschule\bilder\AM.pdf --> www.musikschule-ziebart.de /html/bilder AM.pdf
2009.04.16 14:55 B D:\Musikschule\bilder\AM.pdf --> www.musikschule-ziebart.de /html/bilder AM.pdf
2009.04.16 15:30 B D:\Musikschule\bilder\AM.pdf --> www.musikschule-ziebart.de /html/bilder AM.pdf
2009.04.16 17:14 B D:\Musikschule\bilder\AM.pdf --> www.musikschule-ziebart.de /html/bilder AM.pdf
2009.04.16 17:27 B D:\Musikschule\bilder\AM.pdf --> www.musikschule-ziebart.de /html/bilder AM.pdf
2009.04.16 19:42 B D:\Musikschule\bilder\AM.pdf --> www.musikschule-ziebart.de /html/bilder AM.pdf
2009.04.16 19:54 B D:\Musikschule\bilder\AM.pdf --> www.musikschule-ziebart.de /html/bilder AM.pdf
2009.04.18 05:26 B D:\Musikschule\bilder\AM.pdf --> www.musikschule-ziebart.de /html/cgi-bin AM.pdf
2009.04.18 11:10 B D:\Musikschule\bilder\AM.pdf --> www.musikschule-ziebart.de /html/bilder AM.pdf
2009.04.18 11:22 B D:\Musikschule\bilder\AM.pdf --> www.musikschule-ziebart.de /html/bilder AM.pdf
2009.04.18 11:48 B D:\Musikschule\bilder\AM.pdf --> www.musikschule-ziebart.de /html/bilder AM.pdf
2009.04.18 11:56 B D:\Musikschule\bilder\AM.pdf --> www.musikschule-ziebart.de /html/bilder AM.pdf
2009.04.19 11:01 B D:\Musikschule\bilder\AM.pdf --> www.musikschule-ziebart.de /html/bilder AM.pdf
2009.04.19 21:46 B D:\Musikschule\bilder\AM.pdf --> www.musikschule-ziebart.de /html/cgi-bin AM.pdf
2009.04.19 21:50 B D:\Musikschule\bilder\AM.pdf --> www.musikschule-ziebart.de /html/bilder AM.pdf
2009.04.27 21:43 B D:\Musikschule\bilder\AM.pdf --> www.musikschule-ziebart.de /html/bilder AM.pdf
2009.04.27 21:48 B D:\Musikschule\bilder\AM.pdf --> www.musikschule-ziebart.de /html/bilder AM.pdf
2009.04.28 14:20 B D:\Musikschule\bilder\AM.pdf --> www.musikschule-ziebart.de /html/bilder AM.pdf
2009.04.28 15:35 B D:\Musikschule\bilder\AM.pdf --> www.musikschule-ziebart.de /html/bilder AM.pdf
2009.04.28 15:50 B D:\Musikschule\bilder\AM.pdf --> www.musikschule-ziebart.de /html/bilder AM.pdf
2009.04.28 16:46 B D:\Musikschule\bilder\TA.pdf --> www.musikschule-ziebart.de /html/bilder TA.pdf
2009.04.29 01:55 B D:\Musikschule\bilder\TA.pdf --> www.musikschule-ziebart.de /html/bilder TA.pdf
2009.05.02 13:35 B D:\Musikschule\bilder\TA.pdf --> www.musikschule-ziebart.de /html/bilder TA.pdf
2009.05.04 06:31 B D:\Musikschule\bilder\TA.pdf --> www.musikschule-ziebart.de /html/bilder TA.pdf
2009.05.04 06:44 B D:\Musikschule\bilder\AM.pdf --> www.musikschule-ziebart.de /html/bilder AM.pdf
2009.05.04 07:01 B D:\Musikschule\bilder\AM.pdf --> www.musikschule-ziebart.de /html/bilder AM.pdf
2009.05.04 13:04 B D:\Musikschule\bilder\AM.pdf --> www.musikschule-ziebart.de /html/bilder AM.pdf
2009.05.04 13:04 B D:\Musikschule\bilder\TA.pdf --> www.musikschule-ziebart.de /html/bilder TA.pdf
2009.05.05 12:32 B D:\Musikschule\bilder\TA.pdf --> www.musikschule-ziebart.de /html/bilder TA.pdf
2009.05.05 18:00 B D:\Musikschule\bilder\TA.pdf --> www.musikschule-ziebart.de /html/bilder TA.pdf
2009.05.05 19:41 B D:\Musikschule\bilder\AM.pdf --> www.musikschule-ziebart.de /html/bilder AM.pdf
2009.05.05 19:41 B D:\Musikschule\bilder\TA.pdf --> www.musikschule-ziebart.de /html/bilder TA.pdf
2009.05.05 23:29 B D:\Musikschule\bilder\TA.pdf --> www.musikschule-ziebart.de /html/bilder TA.pdf
2009.05.09 04:43 B D:\Musikschule\bilder\AM.pdf --> www.musikschule-ziebart.de /html/bilder AM.pdf
2009.05.09 04:43 B D:\Musikschule\bilder\TA.pdf --> www.musikschule-ziebart.de /html/bilder TA.pdf
2009.05.13 19:23 B D:\Musikschule\bilder\AM.pdf --> www.musikschule-ziebart.de /html/bilder AM.pdf
2009.05.13 19:23 B D:\Musikschule\bilder\TA.pdf --> www.musikschule-ziebart.de /html/bilder TA.pdf
2009.05.16 10:06 B D:\Musikschule\bilder\AM.pdf --> www.musikschule-ziebart.de /html/bilder AM.pdf
2009.05.16 10:06 B D:\Musikschule\bilder\TA.pdf --> www.musikschule-ziebart.de /html/bilder TA.pdf
2009.05.19 16:42 B D:\Musikschule\bilder\AM.pdf --> www.musikschule-ziebart.de /html/bilder AM.pdf
2009.05.19 16:42 B D:\Musikschule\bilder\TA.pdf --> www.musikschule-ziebart.de /html/bilder TA.pdf
2009.05.19 17:04 B D:\Musikschule\bilder\AM.pdf --> www.musikschule-ziebart.de /html/bilder AM.pdf
2009.05.19 17:44 B D:\Musikschule\bilder\AM.pdf --> www.musikschule-ziebart.de /html/bilder AM.pdf
2009.05.23 11:09 B D:\Musikschule\bilder\AM.pdf --> www.musikschule-ziebart.de /html/bilder AM.pdf
2009.05.25 20:03 B D:\Musikschule\bilder\AM.pdf --> www.musikschule-ziebart.de /html/bilder AM.pdf
2009.05.25 20:03 B D:\Musikschule\bilder\TA.pdf --> www.musikschule-ziebart.de /html/bilder TA.pdf
2009.05.27 13:28 B D:\Musikschule\bilder\TA.pdf --> www.musikschule-ziebart.de /html/bilder TA.pdf
2009.05.28 22:45 B D:\Musikschule\bilder\TA.pdf --> www.musikschule-ziebart.de /html/bilder TA.pdf
2009.05.30 14:36 B D:\Musikschule\bilder\TA.pdf --> www.musikschule-ziebart.de /html/bilder TA.pdf
2009.05.30 14:43 B D:\Musikschule\bilder\TA.pdf --> www.musikschule-ziebart.de /html/bilder TA.pdf
2009.05.30 14:48 B D:\Musikschule\bilder\TA.pdf --> www.musikschule-ziebart.de /html/bilder TA.pdf
2009.05.30 14:54 B D:\Musikschule\bilder\TA.pdf --> www.musikschule-ziebart.de /html/bilder TA.pdf
2009.05.30 16:02 B D:\Musikschule\bilder\TA.pdf --> www.musikschule-ziebart.de /html/bilder TA.pdf
2009.05.30 16:07 B D:\Musikschule\bilder\TA.pdf --> www.musikschule-ziebart.de /html/bilder TA.pdf
2009.05.31 21:55 B D:\Musikschule\bilder\Termin.pdf --> www.musikschule-ziebart.de /html/bilder Termin.pdf
2009.05.31 22:13 B D:\Musikschule\bilder\Termin.pdf --> www.musikschule-ziebart.de /html/bilder Termin.pdf
2009.05.31 22:19 B D:\Musikschule\bilder\Termin.pdf --> www.musikschule-ziebart.de /html/bilder Termin.pdf
2009.06.01 06:24 B D:\Musikschule\bilder\Termin.pdf --> www.musikschule-ziebart.de /html/bilder Termin.pdf
2009.06.01 22:12 B D:\Musikschule\bilder\AM.pdf --> www.musikschule-ziebart.de /html/bilder AM.pdf
2009.06.02 17:52 B D:\Musikschule\bilder\Termin.pdf --> www.musikschule-ziebart.de /html/bilder Termin.pdf
2009.06.02 17:58 B D:\Musikschule\bilder\Termin.pdf --> www.musikschule-ziebart.de /html/bilder Termin.pdf
2009.06.03 16:18 B D:\Musikschule\bilder\Termin.pdf --> www.musikschule-ziebart.de /html/bilder Termin.pdf
2009.06.06 14:12 B D:\Musikschule\bilder\Termin.pdf --> www.musikschule-ziebart.de /html/bilder Termin.pdf
2009.06.07 14:22 B D:\Musikschule\bilder\Termin.pdf --> www.musikschule-ziebart.de /html/bilder Termin.pdf
2009.06.07 16:37 B D:\Musikschule\bilder\Termin.pdf --> www.musikschule-ziebart.de /html/bilder Termin.pdf
2009.06.10 13:19 B D:\Musikschule\bilder\AM.pdf --> www.musikschule-ziebart.de /html/bilder AM.pdf
2009.06.10 13:20 B D:\Musikschule\bilder\Termin.pdf --> www.musikschule-ziebart.de /html/bilder Termin.pdf
2009.06.15 14:16 B D:\Musikschule\bilder\Termin.pdf <-- Musikschule /html/bilder Termin.pdf
2009.06.15 14:17 B D:\Musikschule\bilder\AM.pdf <-- Musikschule /html/bilder AM.pdf
2009.06.15 14:50 B D:\Musikschule\bilder\AM.pdf --> www.musikschule-ziebart.de /html/bilder AM.pdf
2009.06.15 14:51 B D:\Musikschule\bilder\Termin.pdf <-- Musikschule /html/bilder Termin.pdf
2009.06.15 15:00 B D:\Musikschule\bilder\AM.pdf --> www.musikschule-ziebart.de /html/bilder AM.pdf
2009.06.15 15:00 B D:\Musikschule\bilder\Termin.pdf --> www.musikschule-ziebart.de /html/bilder Termin.pdf
2009.06.15 22:01 B D:\Musikschule\bilder\Termin.pdf --> www.musikschule-ziebart.de /html/bilder Termin.pdf
2009.06.17 01:45 B D:\Musikschule\bilder\AM.pdf --> www.musikschule-ziebart.de /html/bilder AM.pdf
2009.06.17 10:36 B D:\Musikschule\bilder\AM.pdf --> www.musikschule-ziebart.de /html/bilder AM.pdf
2009.06.17 10:51 B D:\Musikschule\bilder\AM.pdf --> www.musikschule-ziebart.de /html/bilder AM.pdf
2009.06.17 11:03 B D:\Musikschule\bilder\AM.pdf --> www.musikschule-ziebart.de /html/bilder AM.pdf
2009.06.17 11:06 B D:\Musikschule\bilder\AM.pdf --> www.musikschule-ziebart.de /html/bilder AM.pdf
2009.06.17 11:09 B D:\Musikschule\bilder\AM.pdf --> www.musikschule-ziebart.de /html/bilder AM.pdf
2009.06.17 12:13 B D:\Musikschule\bilder\AM.pdf --> www.musikschule-ziebart.de /html/bilder AM.pdf
2009.06.17 12:23 B D:\Musikschule\bilder\AM.pdf --> www.musikschule-ziebart.de /html/bilder AM.pdf
2009.06.17 20:28 B D:\Musikschule\bilder\AM.pdf --> www.musikschule-ziebart.de /html/bilder AM.pdf
2009.06.17 20:28 B D:\Musikschule\bilder\Termin.pdf --> www.musikschule-ziebart.de /html/bilder Termin.pdf
2009.06.17 21:57 B D:\Musikschule\bilder\AM.pdf --> www.musikschule-ziebart.de /html/bilder AM.pdf
2009.06.20 11:28 B D:\Musikschule\bilder\Stundenplan.mdb --> www.musikschule-ziebart.de /html/bilder Stundenplan.mdb
2009.06.20 19:17 B D:\Musikschule\bilder\Stundenplan2.pdf --> www.musikschule-ziebart.de /html/bilder Stundenplan2.pdf
2009.06.20 19:18 B D:\Musikschule\bilder\Stundenplan2_Daten.xml --> www.musikschule-ziebart.de /html/bilder Stundenplan2_Daten.xml
2009.06.20 21:17 B D:\Musikschule\bilder\Stundenplan2.pdf --> www.musikschule-ziebart.de /html/bilder Stundenplan2.pdf
2009.06.20 21:17 B D:\Musikschule\bilder\Stundenplan2_Daten.xml --> www.musikschule-ziebart.de /html/bilder Stundenplan2_Daten.xml
2009.06.22 22:19 B D:\Musikschule\bilder\AM.pdf --> www.musikschule-ziebart.de /html/bilder AM.pdf
2009.06.22 22:19 B D:\Musikschule\bilder\Termin.pdf --> www.musikschule-ziebart.de /html/bilder Termin.pdf
2009.06.22 22:42 B D:\Musikschule\bilder\AM.pdf --> www.musikschule-ziebart.de /html/bilder AM.pdf
2009.06.22 23:20 B D:\Musikschule\bilder\Termin.pdf <-- Musikschule /html/bilder Termin.pdf
2009.06.28 10:30 B D:\Musikschule\bilder\Stundenplan6.pdf --> www.musikschule-ziebart.de /html/bilder Stundenplan6.pdf
2009.06.28 10:30 B D:\Musikschule\bilder\Stundenplan6_Daten.xml --> www.musikschule-ziebart.de /html/bilder Stundenplan6_Daten.xml
2009.06.28 10:55 B D:\Musikschule\bilder\Stundenplan6.pdf --> www.musikschule-ziebart.de /html/bilder Stundenplan6.pdf
2009.06.28 11:03 B D:\Musikschule\bilder\Stundenplan6.pdf --> www.musikschule-ziebart.de /html/bilder Stundenplan6.pdf
2009.07.02 11:44 B D:\Musikschule\bilder\Termin.pdf --> www.musikschule-ziebart.de /html/bilder Termin.pdf
2009.07.03 11:44 B D:\Musikschule\bilder\Termin.pdf --> www.musikschule-ziebart.de /html/bilder Termin.pdf
2009.07.03 12:06 B D:\Musikschule\bilder\Termin.pdf --> www.musikschule-ziebart.de /html/bilder Termin.pdf
2009.07.03 13:26 B D:\Musikschule\bilder\Termin.pdf --> www.musikschule-ziebart.de /html/bilder Termin.pdf
2009.07.03 21:34 B D:\Musikschule\bilder\Termin.pdf --> www.musikschule-ziebart.de /html/bilder Termin.pdf
2009.07.03 21:56 B D:\Musikschule\bilder\Termin.pdf --> www.musikschule-ziebart.de /html/bilder Termin.pdf
2009.07.04 10:57 B D:\Musikschule\bilder\Termin.pdf --> www.musikschule-ziebart.de /html/bilder Termin.pdf
2009.07.04 19:34 B D:\Musikschule\bilder\Termin.pdf --> www.musikschule-ziebart.de /html/bilder Termin.pdf
2009.07.04 23:11 B D:\Musikschule\bilder\Termin.pdf --> www.musikschule-ziebart.de /html/bilder Termin.pdf
2009.07.04 23:57 B D:\Musikschule\bilder\Termin.pdf --> www.musikschule-ziebart.de /html/bilder Termin.pdf
2009.07.05 00:14 B D:\Musikschule\bilder\Termin.pdf --> www.musikschule-ziebart.de /html/bilder Termin.pdf
2009.07.05 08:15 B D:\Musikschule\bilder\Termin.pdf --> www.musikschule-ziebart.de /html/bilder Termin.pdf
2009.07.05 08:21 B D:\Musikschule\bilder\Termin.pdf --> www.musikschule-ziebart.de /html/bilder Termin.pdf
2009.07.05 08:44 B D:\Musikschule\bilder\Termin.pdf --> www.musikschule-ziebart.de /html/bilder Termin.pdf
2009.07.05 11:19 B D:\Musikschule\bilder\Termin.pdf --> www.musikschule-ziebart.de /html/bilder Termin.pdf
2009.07.05 20:47 B D:\Musikschule\bilder\Termin.pdf --> www.musikschule-ziebart.de /html/bilder Termin.pdf
2009.07.05 20:51 B D:\Musikschule\bilder\Termin.pdf --> www.musikschule-ziebart.de /html/bilder Termin.pdf
2009.07.05 22:21 B D:\Musikschule\bilder\Termin.pdf --> www.musikschule-ziebart.de /html/bilder Termin.pdf
2009.07.06 20:37 B D:\Musikschule\bilder\Termin.pdf --> www.musikschule-ziebart.de /html/bilder Termin.pdf
2009.07.06 23:18 B D:\Musikschule\bilder\Termin.pdf --> www.musikschule-ziebart.de /html/bilder Termin.pdf
2009.07.06 23:21 B D:\Musikschule\bilder\AM.pdf --> www.musikschule-ziebart.de /html/bilder AM.pdf
2009.07.06 23:42 B D:\Musikschule\bilder\Termin.pdf --> www.musikschule-ziebart.de /html/bilder Termin.pdf
2009.07.06 23:51 B D:\Musikschule\bilder\AM.pdf --> www.musikschule-ziebart.de /html/bilder AM.pdf
2009.07.08 11:26 B D:\Musikschule\bilder\Barcaro.pdf --> www.musikschule-ziebart.de /html/bilder Barcaro.pdf
2009.07.08 20:46 B D:\Musikschule\bilder\Termin.pdf --> www.musikschule-ziebart.de /html/bilder Termin.pdf
2009.07.11 11:56 B D:\Musikschule\bilder\Termin.pdf --> www.musikschule-ziebart.de /html/bilder Termin.pdf
2009.07.11 12:09 B D:\Musikschule\bilder\AM.pdf --> www.musikschule-ziebart.de /html/bilder AM.pdf
2009.07.12 20:48 B D:\Musikschule\bilder\Termin.pdf --> www.musikschule-ziebart.de /html/bilder Termin.pdf
2009.07.12 22:05 B D:\Musikschule\bilder\Wondering Around.pdf --> www.musikschule-ziebart.de /html/bilder Wondering Around.pdf
2009.07.12 23:25 B D:\Musikschule\bilder\SwanLake.pdf --> www.musikschule-ziebart.de /html/bilder SwanLake.pdf
2009.07.13 15:19 B D:\Musikschule\bilder\SwanLake.pdf --> www.musikschule-ziebart.de /html/bilder SwanLake.pdf
2009.07.13 19:41 B D:\Musikschule\bilder\AM.pdf --> www.musikschule-ziebart.de /html AM.pdf
2009.07.13 19:41 B D:\Musikschule\bilder\AM.pdf --> www.musikschule-ziebart.de /html/bilder AM.pdf
2009.07.13 19:41 B D:\Musikschule\bilder\Termin.pdf --> www.musikschule-ziebart.de /html/bilder Termin.pdf
2009.07.14 11:16 B D:\Musikschule\bilder\Termin.pdf --> www.musikschule-ziebart.de /html/bilder Termin.pdf
2009.07.14 18:24 B D:\Musikschule\bilder\Morning.pdf --> www.musikschule-ziebart.de /html/bilder Morning.pdf
2009.07.15 05:28 B D:\Musikschule\bilder\Morning.pdf --> www.musikschule-ziebart.de /html/bilder Morning.pdf
2009.07.17 13:23 B D:\Musikschule\bilder\Termin.pdf --> www.musikschule-ziebart.de /html/bilder Termin.pdf
2009.07.18 10:18 B D:\Musikschule\bilder\Termin.pdf --> www.musikschule-ziebart.de /html/bilder Termin.pdf
2009.07.18 10:23 B D:\Musikschule\bilder\Termin.pdf --> www.musikschule-ziebart.de /html/bilder Termin.pdf
2009.07.18 19:54 B D:\Musikschule\bilder\SwanLake.pdf --> www.musikschule-ziebart.de /html/bilder SwanLake.pdf
2009.07.18 19:54 B D:\Musikschule\bilder\Morning.pdf --> www.musikschule-ziebart.de /html/bilder Morning.pdf
2009.07.22 11:48 B D:\Musikschule\bilder\Termin.pdf --> www.musikschule-ziebart.de /html/bilder Termin.pdf
2009.07.23 20:50 B D:\Musikschule\bilder\Termin.pdf --> www.musikschule-ziebart.de /html/bilder Termin.pdf
2009.07.24 11:53 B D:\Musikschule\bilder\Termin.pdf --> www.musikschule-ziebart.de /html/bilder Termin.pdf
2009.07.26 10:10 B D:\Musikschule\bilder\AM.pdf --> www.musikschule-ziebart.de /html/bilder AM.pdf
2009.07.26 10:10 B D:\Musikschule\bilder\Termin.pdf --> www.musikschule-ziebart.de /html/bilder Termin.pdf
2009.07.28 09:40 B D:\Musikschule\bilder\AM.pdf --> www.musikschule-ziebart.de /html/bilder AM.pdf
2009.07.28 09:40 B D:\Musikschule\bilder\Termin.pdf --> www.musikschule-ziebart.de /html/bilder Termin.pdf
2009.07.28 10:23 B D:\Musikschule\bilder\Kleine Nachtmusik.pdf --> www.musikschule-ziebart.de /html/bilder Kleine Nachtmusik.pdf
2009.07.28 11:09 B D:\Musikschule\bilder\Kleine Nachtmusik.pdf --> www.musikschule-ziebart.de /html/bilder Kleine Nachtmusik.pdf
2009.07.28 16:31 B D:\Musikschule\bilder\Termin.pdf --> www.musikschule-ziebart.de /html/bilder Termin.pdf
2009.07.31 08:27 B D:\Musikschule\bilder\Termin.pdf <-- Musikschule /html/bilder Termin.pdf
2009.07.31 10:03 B D:\Musikschule\bilder\Termin.pdf --> www.musikschule-ziebart.de /html/bilder Termin.pdf
2009.07.31 10:03 B D:\Musikschule\bilder\AM.pdf --> www.musikschule-ziebart.de /html/bilder AM.pdf
2009.08.01 05:16 B D:\Musikschule\bilder\Kleine Nachtmusik.pdf --> www.musikschule-ziebart.de /html/bilder Kleine Nachtmusik.pdf
2009.08.05 12:03 B D:\Musikschule\bilder\Kleine Nachtmusik.pdf --> www.musikschule-ziebart.de /html/bilder Kleine Nachtmusik.pdf
2009.08.13 10:18 B D:\Musikschule\bilder\Termin.pdf --> www.musikschule-ziebart.de /html/bilder Termin.pdf
2009.09.16 18:34 B C:\Musikschule\bilder\Termin.pdf --> www.musikschule-ziebart.de /html/bilder Termin.pdf
2009.09.16 18:35 B C:\Musikschule\bilder\AM.pdf --> www.musikschule-ziebart.de /html/bilder AM.pdf
2009.09.17 13:06 B C:\Musikschule\bilder\AM.pdf --> www.musikschule-ziebart.de /html/bilder AM.pdf
2009.09.17 13:06 B C:\Musikschule\bilder\Termin.pdf --> www.musikschule-ziebart.de /html/bilder Termin.pdf
2009.09.17 19:08 B C:\Musikschule\bilder\Termin.pdf --> www.musikschule-ziebart.de /html/bilder Termin.pdf
2009.09.17 19:08 B C:\Musikschule\bilder\AM.pdf --> www.musikschule-ziebart.de /html/bilder AM.pdf
2009.09.17 22:06 B C:\Musikschule\bilder\Termin.pdf --> www.musikschule-ziebart.de /html/bilder Termin.pdf
2009.09.18 23:15 B C:\Musikschule\bilder\AM.pdf --> www.musikschule-ziebart.de /html/bilder AM.pdf
2009.09.18 23:15 B C:\Musikschule\bilder\Termin.pdf --> www.musikschule-ziebart.de /html/bilder Termin.pdf
2009.09.21 22:10 B C:\Musikschule\bilder\AM.pdf --> www.musikschule-ziebart.de /html/bilder AM.pdf
2009.09.21 22:10 B C:\Musikschule\bilder\Termin.pdf --> www.musikschule-ziebart.de /html/bilder Termin.pdf
2009.09.23 20:08 B C:\Musikschule\bilder\Termin.pdf --> www.musikschule-ziebart.de /html/bilder Termin.pdf
2009.09.27 20:48 B C:\Musikschule\bilder\Termin.pdf --> www.musikschule-ziebart.de /html/bilder Termin.pdf
2009.09.28 13:00 B C:\Musikschule\bilder\AM.pdf --> www.musikschule-ziebart.de /html/bilder AM.pdf
2009.09.28 13:00 B C:\Musikschule\bilder\Termin.pdf --> www.musikschule-ziebart.de /html/bilder Termin.pdf
2009.09.28 18:03 B C:\Musikschule\bilder\AM.pdf --> www.musikschule-ziebart.de /html/bilder AM.pdf
2009.09.28 18:04 B C:\Musikschule\bilder\Termin.pdf --> www.musikschule-ziebart.de /html/bilder Termin.pdf
2009.09.29 09:00 B C:\Musikschule\bilder\Termin.pdf --> www.musikschule-ziebart.de /html/bilder Termin.pdf
2009.10.01 14:16 B C:\Musikschule\bilder\Termin.pdf --> www.musikschule-ziebart.de /html/bilder Termin.pdf
2009.10.02 08:15 B C:\Musikschule\bilder\Termin.pdf --> www.musikschule-ziebart.de /html/bilder Termin.pdf
2009.10.03 10:21 B C:\Musikschule\bilder\Termin.pdf --> www.musikschule-ziebart.de /html/bilder Termin.pdf
2009.10.03 10:21 B C:\Musikschule\bilder\AM.pdf --> www.musikschule-ziebart.de /html/bilder AM.pdf
2009.10.04 18:52 B C:\Musikschule\bilder\Termin.pdf --> www.musikschule-ziebart.de /html/bilder Termin.pdf
2009.10.05 21:35 B C:\Musikschule\bilder\Termin.pdf --> www.musikschule-ziebart.de /html/bilder Termin.pdf
2009.10.07 21:01 B C:\Musikschule\bilder\AM.pdf --> www.musikschule-ziebart.de /html/bilder AM.pdf
2009.10.07 21:01 B C:\Musikschule\bilder\Termin.pdf --> www.musikschule-ziebart.de /html/bilder Termin.pdf
2009.10.09 11:25 B C:\Musikschule\bilder\Termin.pdf --> www.musikschule-ziebart.de /html/bilder Termin.pdf
2009.10.09 11:30 B C:\Musikschule\bilder\Termin.pdf --> www.musikschule-ziebart.de /html/bilder Termin.pdf
2009.10.09 11:34 B C:\Musikschule\bilder\Termin.pdf --> www.musikschule-ziebart.de /html/bilder Termin.pdf
2009.10.09 11:35 B C:\Musikschule\bilder\AM.pdf --> www.musikschule-ziebart.de /html/bilder AM.pdf
2009.10.09 11:57 B C:\Musikschule\bilder\Notiz Variable.xdp --> www.musikschule-ziebart.de /html/bilder Notiz Variable.xdp
2009.10.09 11:57 B C:\Musikschule\bilder\Termin.pdf --> www.musikschule-ziebart.de /html/bilder Termin.pdf
2009.10.12 18:03 B C:\Musikschule\bilder\AM.pdf --> www.musikschule-ziebart.de /html/bilder AM.pdf
2009.10.12 18:03 B C:\Musikschule\bilder\Termin.pdf --> www.musikschule-ziebart.de /html/bilder Termin.pdf
2009.10.21 20:32 B C:\Musikschule\bilder\Termin.pdf --> www.musikschule-ziebart.de /html/bilder Termin.pdf
2009.10.22 20:35 B C:\Musikschule\bilder\Termin.pdf --> www.musikschule-ziebart.de /html/bilder Termin.pdf
2009.10.25 07:57 B C:\Musikschule\bilder\Termin.pdf --> www.musikschule-ziebart.de /html/bilder Termin.pdf
2009.10.27 11:36 B C:\Musikschule\bilder\Termin.pdf --> www.musikschule-ziebart.de /html/bilder Termin.pdf
2009.10.28 20:21 B C:\Musikschule\bilder\Termin.pdf --> www.musikschule-ziebart.de /html/bilder Termin.pdf
2009.10.30 09:44 B C:\Musikschule\bilder\AM.pdf --> www.musikschule-ziebart.de /html/bilder AM.pdf
2009.10.30 09:45 B C:\Musikschule\bilder\Termin.pdf --> www.musikschule-ziebart.de /html/bilder Termin.pdf
2009.10.30 16:55 B C:\Musikschule\bilder\Termin.pdf --> www.musikschule-ziebart.de /html/bilder Termin.pdf
2009.10.30 16:56 B C:\Musikschule\bilder\AM.pdf --> www.musikschule-ziebart.de /html/bilder AM.pdf
2009.11.09 17:24 B C:\Musikschule\bilder\Termin.pdf --> www.musikschule-ziebart.de /html/bilder Termin.pdf
2009.11.11 18:50 B C:\Musikschule\bilder\AM.pdf --> www.musikschule-ziebart.de /html/bilder AM.pdf
2009.11.11 18:50 B C:\Musikschule\bilder\Termin.pdf --> www.musikschule-ziebart.de /html/bilder Termin.pdf
2009.11.12 09:51 B C:\Musikschule\bilder\Termin.pdf --> www.musikschule-ziebart.de /html/bilder Termin.pdf
2009.11.12 10:17 B C:\Musikschule\bilder\Termin.pdf --> www.musikschule-ziebart.de /html/bilder Termin.pdf
2009.11.12 19:07 B C:\Musikschule\bilder\Termin.pdf --> www.musikschule-ziebart.de /html/bilder Termin.pdf
2009.11.16 17:15 B C:\Musikschule\bilder\Termin.pdf --> www.musikschule-ziebart.de /html/bilder Termin.pdf
2009.11.19 13:48 B C:\Musikschule\bilder\Termin.pdf --> www.musikschule-ziebart.de /html/bilder Termin.pdf
2009.11.19 13:48 B C:\Musikschule\bilder\AM.pdf --> www.musikschule-ziebart.de /html/bilder AM.pdf
2009.11.19 19:41 B C:\Musikschule\bilder\Termin.pdf --> www.musikschule-ziebart.de /html/bilder Termin.pdf
2009.11.19 19:41 B C:\Musikschule\bilder\AM.pdf --> www.musikschule-ziebart.de /html/bilder AM.pdf
2009.11.20 18:43 B C:\Musikschule\bilder\Termin.pdf --> www.musikschule-ziebart.de /html/bilder Termin.pdf
2009.11.20 18:43 B C:\Musikschule\bilder\AM.pdf --> www.musikschule-ziebart.de /html/bilder AM.pdf
2009.11.23 18:11 B C:\Musikschule\bilder\Termin.pdf --> www.musikschule-ziebart.de /html/bilder Termin.pdf
2009.11.23 18:11 B C:\Musikschule\bilder\AM.pdf --> www.musikschule-ziebart.de /html/bilder AM.pdf
2009.11.24 18:17 B C:\Musikschule\bilder\AM.pdf --> www.musikschule-ziebart.de /html/bilder AM.pdf
2009.11.24 18:17 B C:\Musikschule\bilder\Termin.pdf --> www.musikschule-ziebart.de /html/bilder Termin.pdf
2009.11.25 21:10 B C:\Musikschule\bilder\Termin.pdf --> www.musikschule-ziebart.de /html/bilder Termin.pdf
2009.11.27 10:12 B C:\Musikschule\bilder\Termin.pdf --> www.musikschule-ziebart.de /html/bilder Termin.pdf
2009.11.27 17:30 B C:\Musikschule\bilder\AM.pdf --> www.musikschule-ziebart.de /html/bilder AM.pdf
2009.11.27 17:30 B C:\Musikschule\bilder\Termin.pdf --> www.musikschule-ziebart.de /html/bilder Termin.pdf
2009.11.28 03:57 B C:\Musikschule\bilder\Termin.pdf --> www.musikschule-ziebart.de /html/bilder Termin.pdf
2009.11.28 04:11 B C:\Musikschule\bilder\AM.pdf --> www.musikschule-ziebart.de /html/bilder AM.pdf
2009.11.28 04:12 B C:\Musikschule\bilder\Termin.pdf --> www.musikschule-ziebart.de /html/bilder Termin.pdf
2009.11.28 18:15 B C:\Musikschule\bilder\Termin.pdf --> www.musikschule-ziebart.de /html/bilder Termin.pdf
2009.12.01 08:03 B C:\Musikschule\bilder\Termin.pdf --> www.musikschule-ziebart.de /html/bilder Termin.pdf
2009.12.01 16:02 B C:\Musikschule\bilder\AM.pdf --> www.musikschule-ziebart.de /html/bilder AM.pdf
2009.12.01 16:03 B C:\Musikschule\bilder\Termin.pdf --> www.musikschule-ziebart.de /html/bilder Termin.pdf
2009.12.02 09:35 B C:\Musikschule\bilder\Termin.pdf --> www.musikschule-ziebart.de /html/bilder Termin.pdf
2009.12.02 19:10 B C:\Musikschule\bilder\Termin.pdf --> www.musikschule-ziebart.de /html/bilder Termin.pdf
2009.12.06 10:37 B C:\Musikschule\bilder\Termin.pdf --> www.musikschule-ziebart.de /html/bilder Termin.pdf
2009.12.10 19:21 B C:\Musikschule\bilder\Termin.pdf --> www.musikschule-ziebart.de /html/bilder Termin.pdf
2010.01.08 03:24 B C:\Musikschule\bilder\Termin.pdf --> www.musikschule-ziebart.de /html/bilder Termin.pdf
2010.01.08 18:01 B C:\Musikschule\bilder\Termin.pdf --> www.musikschule-ziebart.de /html/bilder Termin.pdf
2010.01.08 18:01 B C:\Musikschule\bilder\AM.pdf --> www.musikschule-ziebart.de /html/bilder AM.pdf
2010.01.12 08:29 B C:\Musikschule\bilder\Termin.pdf --> www.musikschule-ziebart.de /html/bilder Termin.pdf
2010.01.13 21:11 B C:\Musikschule\bilder\Termin.pdf --> www.musikschule-ziebart.de /html/bilder Termin.pdf
2010.01.13 21:11 B C:\Musikschule\bilder\AM.pdf --> www.musikschule-ziebart.de /html/bilder AM.pdf
2010.01.14 19:24 B C:\Musikschule\bilder\Termin.pdf --> www.musikschule-ziebart.de /html/bilder Termin.pdf
2010.01.15 17:56 B C:\Musikschule\bilder\AM.pdf --> www.musikschule-ziebart.de /html/bilder AM.pdf
2010.01.15 17:56 B C:\Musikschule\bilder\Termin.pdf --> www.musikschule-ziebart.de /html/bilder Termin.pdf
2010.01.20 12:51 B C:\Musikschule\bilder\AM.pdf --> www.musikschule-ziebart.de /html/bilder AM.pdf
2010.01.20 12:51 B C:\Musikschule\bilder\Termin.pdf --> www.musikschule-ziebart.de /html/bilder Termin.pdf
2010.01.21 06:27 B C:\Musikschule\bilder\AM.pdf --> www.musikschule-ziebart.de /html/bilder AM.pdf
2010.01.21 06:27 B C:\Musikschule\bilder\Termin.pdf --> www.musikschule-ziebart.de /html/bilder Termin.pdf
2010.01.23 11:34 B C:\Musikschule\bilder\Termin.pdf --> www.musikschule-ziebart.de /html/bilder Termin.pdf
2010.01.23 13:12 B C:\Musikschule\bilder\Termin.pdf --> www.musikschule-ziebart.de /html/bilder Termin.pdf
2010.01.27 19:15 B C:\Musikschule\bilder\Termin.pdf --> www.musikschule-ziebart.de /html/bilder Termin.pdf
2010.01.28 20:53 B C:\Musikschule\bilder\Termin.pdf --> www.musikschule-ziebart.de /html/bilder Termin.pdf
2010.02.03 22:17 B C:\Musikschule\bilder\AM.pdf --> www.musikschule-ziebart.de /html/bilder AM.pdf
2010.02.03 22:17 B C:\Musikschule\bilder\Termin.pdf --> www.musikschule-ziebart.de /html/bilder Termin.pdf
2010.02.03 22:52 B C:\Musikschule\bilder\Termin.pdf --> www.musikschule-ziebart.de /html/bilder Termin.pdf
2010.02.04 21:09 B C:\Musikschule\bilder\Termin.pdf --> www.musikschule-ziebart.de /html Termin.pdf
2010.02.04 21:09 B C:\Musikschule\bilder\Termin.pdf --> www.musikschule-ziebart.de /html/bilder Termin.pdf
2010.02.07 18:36 B C:\Musikschule\bilder\Termin.pdf --> www.musikschule-ziebart.de /html/bilder Termin.pdf
2010.02.08 21:55 B C:\Musikschule\bilder\Termin.pdf --> www.musikschule-ziebart.de /html/bilder Termin.pdf
2010.02.08 22:27 B C:\Musikschule\bilder\Termin.pdf --> www.musikschule-ziebart.de /html/bilder Termin.pdf
2010.02.08 22:27 B C:\Musikschule\bilder\AM.pdf --> www.musikschule-ziebart.de /html/bilder AM.pdf
2010.02.10 22:10 B C:\Musikschule\bilder\Termin.pdf --> www.musikschule-ziebart.de /html/bilder Termin.pdf
2010.02.11 13:16 B C:\Musikschule\bilder\AM.pdf --> www.musikschule-ziebart.de /html/bilder AM.pdf
2010.02.11 13:16 B C:\Musikschule\bilder\Termin.pdf --> www.musikschule-ziebart.de /html/bilder Termin.pdf
2010.02.24 19:33 B C:\Musikschule\bilder\Termin.pdf --> www.musikschule-ziebart.de /html/bilder Termin.pdf
2010.02.25 19:39 B C:\Musikschule\bilder\Termin.pdf --> www.musikschule-ziebart.de /html/bilder Termin.pdf
2010.02.26 17:26 B C:\Musikschule\bilder\Termin.pdf --> www.musikschule-ziebart.de /html/bilder Termin.pdf
2010.03.03 19:14 B C:\Musikschule\bilder\Termin.pdf --> www.musikschule-ziebart.de /html/bilder Termin.pdf
2010.03.04 19:20 B C:\Musikschule\bilder\Termin.pdf --> www.musikschule-ziebart.de /html/bilder Termin.pdf
2010.03.10 20:08 B C:\Musikschule\bilder\Termin.pdf --> www.musikschule-ziebart.de /html/bilder Termin.pdf
2010.03.10 21:54 B C:\Musikschule\bilder\Termin.pdf --> www.musikschule-ziebart.de /html/bilder Termin.pdf
2010.03.11 05:09 B C:\Musikschule\bilder\Termin.pdf --> www.musikschule-ziebart.de /html/bilder Termin.pdf
2010.03.11 19:27 B C:\Musikschule\bilder\Termin.pdf --> www.musikschule-ziebart.de /html/bilder Termin.pdf
2010.03.17 19:15 B C:\Musikschule\bilder\Termin.pdf --> www.musikschule-ziebart.de /html/bilder Termin.pdf
2010.03.18 19:28 B C:\Musikschule\bilder\Termin.pdf --> www.musikschule-ziebart.de /html/bilder Termin.pdf
2010.03.23 17:32 B C:\Musikschule\bilder\Termin.pdf --> www.musikschule-ziebart.de /html/bilder Termin.pdf
2010.03.24 18:47 B C:\Musikschule\bilder\Termin.pdf --> www.musikschule-ziebart.de /html/bilder Termin.pdf
2010.03.29 17:38 B C:\Musikschule\bilder\AM.pdf --> www.musikschule-ziebart.de /html/bilder AM.pdf
2010.03.29 17:38 B C:\Musikschule\bilder\Termin.pdf --> www.musikschule-ziebart.de /html/bilder Termin.pdf
2010.04.14 21:04 B C:\Musikschule\bilder\Termin.pdf --> www.musikschule-ziebart.de /html/bilder Termin.pdf
2010.04.14 21:05 B C:\Musikschule\bilder\AM.pdf --> www.musikschule-ziebart.de /html/bilder AM.pdf
2010.04.15 19:16 B C:\Musikschule\bilder\Termin.pdf --> www.musikschule-ziebart.de /html/bilder Termin.pdf
2010.04.16 17:51 B C:\Musikschule\bilder\Termin.pdf --> www.musikschule-ziebart.de /html/bilder Termin.pdf
2010.04.21 19:02 B C:\Musikschule\bilder\Termin.pdf --> www.musikschule-ziebart.de /html/bilder Termin.pdf
2010.04.22 21:51 B C:\Musikschule\bilder\Termin.pdf --> www.musikschule-ziebart.de /html/bilder Termin.pdf
2010.04.24 09:33 B C:\Musikschule\bilder\Termin.pdf --> www.musikschule-ziebart.de /html/bilder Termin.pdf
2010.04.27 13:08 B C:\Musikschule\bilder\Termin.pdf --> www.musikschule-ziebart.de /html/bilder Termin.pdf
2010.04.27 13:08 B C:\Musikschule\bilder\AM.pdf --> www.musikschule-ziebart.de /html/bilder AM.pdf
2010.04.28 23:10 B C:\Musikschule\bilder\Termin.pdf --> www.musikschule-ziebart.de /html/bilder Termin.pdf
2010.04.29 23:04 B C:\Musikschule\bilder\Termin.pdf --> www.musikschule-ziebart.de /html/bilder Termin.pdf
2010.05.01 10:19 B C:\Musikschule\bilder\Termin.pdf --> www.musikschule-ziebart.de /html/bilder Termin.pdf
2010.05.05 22:21 B C:\Musikschule\bilder\Termin.pdf --> www.musikschule-ziebart.de /html/bilder Termin.pdf
2010.05.05 22:21 B C:\Musikschule\bilder\AM.pdf --> www.musikschule-ziebart.de /html/bilder AM.pdf
2010.05.06 22:18 B C:\Musikschule\bilder\Termin.pdf --> www.musikschule-ziebart.de /html/bilder Termin.pdf
2010.05.11 14:50 B C:\Musikschule\bilder\Termin.pdf --> www.musikschule-ziebart.de /html/bilder Termin.pdf
2010.05.12 18:50 B C:\Musikschule\bilder\Termin.pdf --> www.musikschule-ziebart.de /html/bilder Termin.pdf
2010.05.19 21:20 B C:\Musikschule\bilder\Termin.pdf --> www.musikschule-ziebart.de /html/bilder Termin.pdf
2010.05.20 19:22 B C:\Musikschule\bilder\Termin.pdf --> www.musikschule-ziebart.de /html/bilder Termin.pdf
2010.05.23 10:39 B C:\Musikschule\bilder\Termin.pdf --> www.musikschule-ziebart.de /html/bilder Termin.pdf
2010.05.27 18:48 B C:\Musikschule\bilder\AM.pdf --> www.musikschule-ziebart.de /html/bilder AM.pdf
2010.05.27 18:48 B C:\Musikschule\bilder\Termin.pdf --> www.musikschule-ziebart.de /html/bilder Termin.pdf
2010.06.07 18:08 B C:\Musikschule\bilder\Termin.pdf --> www.musikschule-ziebart.de /html/bilder Termin.pdf
2010.06.09 19:48 B C:\Musikschule\bilder\Termin.pdf --> www.musikschule-ziebart.de /html/bilder Termin.pdf
2010.06.11 09:18 B C:\Musikschule\bilder\Termin.pdf --> www.musikschule-ziebart.de /html/bilder Termin.pdf
2010.06.16 20:38 B C:\Musikschule\bilder\Termin.pdf --> www.musikschule-ziebart.de /html/bilder Termin.pdf
2010.06.17 19:41 B C:\Musikschule\bilder\Termin.pdf --> www.musikschule-ziebart.de /html/bilder Termin.pdf
2010.06.18 18:41 B C:\Musikschule\bilder\Termin.pdf --> www.musikschule-ziebart.de /html/bilder Termin.pdf
2010.06.24 19:28 B C:\Musikschule\bilder\Termin.pdf --> www.musikschule-ziebart.de /html/bilder Termin.pdf
2010.06.25 18:25 B C:\Musikschule\bilder\Termin.pdf --> www.musikschule-ziebart.de /html/bilder Termin.pdf
2010.06.28 17:27 B C:\Musikschule\bilder\Termin.pdf --> www.musikschule-ziebart.de /html/bilder Termin.pdf
2010.07.01 05:11 B C:\Musikschule\bilder\Termin.pdf --> www.musikschule-ziebart.de /html/bilder Termin.pdf
2010.07.01 05:12 B C:\Musikschule\bilder\AM.pdf --> www.musikschule-ziebart.de /html/bilder AM.pdf
2010.07.01 20:30 B C:\Musikschule\bilder\Termin.pdf --> www.musikschule-ziebart.de /html/bilder Termin.pdf
2010.07.03 21:07 B C:\Musikschule\bilder\Termin.pdf --> www.musikschule-ziebart.de /html/bilder Termin.pdf
2010.07.08 12:05 B C:\Musikschule\bilder\Termin.pdf --> www.musikschule-ziebart.de /html/bilder Termin.pdf
2010.07.08 20:30 B C:\Musikschule\bilder\Termin.pdf --> www.musikschule-ziebart.de /html/bilder Termin.pdf
2010.07.11 18:11 B C:\Musikschule\bilder\Termin.pdf --> www.musikschule-ziebart.de /html/bilder Termin.pdf
2010.07.15 10:35 B C:\Musikschule\bilder\Termin.pdf --> www.musikschule-ziebart.de /html/bilder Termin.pdf
2010.07.15 20:47 B C:\Musikschule\bilder\Termin.pdf --> www.musikschule-ziebart.de /html/bilder Termin.pdf
2010.07.19 17:28 B C:\Musikschule\bilder\Termin.pdf --> www.musikschule-ziebart.de /html/bilder Termin.pdf
2010.08.03 10:51 B C:\Musikschule\bilder\Termin.pdf --> www.musikschule-ziebart.de /html/bilder Termin.pdf
2010.08.14 11:22 B C:\Musikschule\bilder\AM.pdf --> www.musikschule-ziebart.de /html/bilder AM.pdf
2010.08.14 11:22 B C:\Musikschule\bilder\Termin.pdf --> www.musikschule-ziebart.de /html/bilder Termin.pdf
2010.08.22 09:04 B C:\Musikschule\bilder\Termin.pdf --> www.musikschule-ziebart.de /html/bilder Termin.pdf
2010.08.24 21:09 B C:\Musikschule\bilder\Termin.pdf --> www.musikschule-ziebart.de /html/bilder Termin.pdf
2010.08.28 08:30 B C:\Musikschule\bilder\Termin.pdf --> www.musikschule-ziebart.de /html/bilder Termin.pdf
2010.09.05 21:35 B C:\Musikschule\bilder\Termin.pdf --> www.musikschule-ziebart.de /html/bilder Termin.pdf
2010.09.14 18:27 B C:\Musikschule\bilder\Termin.pdf --> www.musikschule-ziebart.de /html/bilder Termin.pdf
2010.09.14 18:27 B C:\Musikschule\bilder\AM.pdf --> www.musikschule-ziebart.de /html/bilder AM.pdf
2010.09.16 19:20 B C:\Musikschule\bilder\AM.pdf --> www.musikschule-ziebart.de /html/bilder AM.pdf
2010.09.16 19:20 B C:\Musikschule\bilder\Termin.pdf --> www.musikschule-ziebart.de /html/bilder Termin.pdf
2010.09.20 20:14 B C:\Musikschule\bilder\Termin.pdf --> www.musikschule-ziebart.de /html/bilder Termin.pdf
2010.09.20 20:14 B C:\Musikschule\bilder\AM.pdf --> www.musikschule-ziebart.de /html/bilder AM.pdf
2010.09.22 09:01 B C:\Musikschule\bilder\Termin.pdf --> www.musikschule-ziebart.de /html/bilder Termin.pdf
2010.09.24 10:04 B C:\Musikschule\bilder\Termin.pdf --> www.musikschule-ziebart.de /html/bilder Termin.pdf
2010.09.26 10:08 B C:\Musikschule\bilder\Termin.pdf --> www.musikschule-ziebart.de /html/bilder Termin.pdf
2010.09.29 18:20 B C:\Musikschule\bilder\Termin.pdf --> www.musikschule-ziebart.de /html/bilder Termin.pdf
2010.09.30 21:59 B C:\Musikschule\bilder\Termin.pdf --> www.musikschule-ziebart.de /html/bilder Termin.pdf
2010.10.02 04:57 B C:\Musikschule\bilder\Termin.pdf --> www.musikschule-ziebart.de /html/bilder Termin.pdf
2010.10.02 04:57 B C:\Musikschule\bilder\AM.pdf --> www.musikschule-ziebart.de /html/bilder AM.pdf
2010.10.06 21:24 B C:\Musikschule\bilder\AM.pdf --> www.musikschule-ziebart.de /html/bilder AM.pdf
2010.10.06 21:24 B C:\Musikschule\bilder\Termin.pdf --> www.musikschule-ziebart.de /html/bilder Termin.pdf
2010.10.06 22:56 B C:\Musikschule\bilder\AM.pdf --> www.musikschule-ziebart.de /html/bilder AM.pdf
2010.10.08 22:06 B C:\Musikschule\bilder\Termin.pdf --> www.musikschule-ziebart.de /html/bilder Termin.pdf
2010.10.08 22:06 B C:\Musikschule\bilder\AM.pdf --> www.musikschule-ziebart.de /html/bilder AM.pdf
2010.10.10 05:01 B C:\Musikschule\bilder\Termin.pdf --> www.musikschule-ziebart.de /html/bilder Termin.pdf
2010.10.13 20:06 B C:\Musikschule\bilder\Termin.pdf --> www.musikschule-ziebart.de /html/bilder Termin.pdf
2010.10.13 20:06 B C:\Musikschule\bilder\AM.pdf --> www.musikschule-ziebart.de /html/bilder AM.pdf
2010.10.16 11:45 B C:\Musikschule\bilder\AM.pdf --> www.musikschule-ziebart.de /html/bilder AM.pdf
2010.10.16 11:50 B C:\Musikschule\bilder\AM.pdf --> www.musikschule-ziebart.de /html/bilder AM.pdf
2010.10.16 11:52 B C:\Musikschule\bilder\AM.pdf --> www.musikschule-ziebart.de /html/bilder AM.pdf
2010.10.19 22:03 B C:\Musikschule\bilder\AM.pdf --> www.musikschule-ziebart.de /html/bilder AM.pdf
2010.10.19 22:03 B C:\Musikschule\bilder\Termin.pdf --> www.musikschule-ziebart.de /html/bilder Termin.pdf
2010.10.23 04:10 B C:\Musikschule\bilder\AM.pdf --> www.musikschule-ziebart.de /html/bilder AM.pdf
2010.10.23 04:11 B C:\Musikschule\bilder\Termin.pdf --> www.musikschule-ziebart.de /html/bilder Termin.pdf
2010.10.27 12:23 B C:\Musikschule\bilder\Termin.pdf --> www.musikschule-ziebart.de /html/bilder Termin.pdf
2010.10.28 21:19 B C:\Musikschule\bilder\Termin.pdf --> www.musikschule-ziebart.de /html/bilder Termin.pdf
2010.10.28 21:32 B C:\Musikschule\bilder\Termin.pdf --> www.musikschule-ziebart.de /html/bilder Termin.pdf
2010.10.28 21:33 B C:\Musikschule\bilder\AM.pdf --> www.musikschule-ziebart.de /html/bilder AM.pdf
2010.10.29 13:12 B C:\Musikschule\bilder\Termin.pdf --> www.musikschule-ziebart.de /html/bilder Termin.pdf
2010.11.03 09:46 B C:\Musikschule\bilder\Termin.pdf --> www.musikschule-ziebart.de /html/bilder Termin.pdf
2010.11.07 19:45 B C:\Musikschule\bilder\Termin.pdf --> www.musikschule-ziebart.de /html/bilder Termin.pdf
2010.11.16 13:18 B C:\Musikschule\bilder\Termin.pdf --> www.musikschule-ziebart.de /html/bilder Termin.pdf
2010.11.16 13:19 B C:\Musikschule\bilder\AM.pdf --> www.musikschule-ziebart.de /html/bilder AM.pdf
2010.11.18 13:19 B C:\Musikschule\bilder\Termin.pdf --> www.musikschule-ziebart.de /html/bilder Termin.pdf
2010.11.21 20:35 B C:\Musikschule\bilder\Termin.pdf --> www.musikschule-ziebart.de /html/bilder Termin.pdf
2010.11.24 13:59 B C:\Musikschule\bilder\Termin.pdf --> www.musikschule-ziebart.de /html/bilder Termin.pdf
2010.11.25 04:30 B C:\Musikschule\bilder\Termin.pdf --> www.musikschule-ziebart.de /html/bilder Termin.pdf
2010.11.30 14:32 B C:\Musikschule\bilder\AM.pdf --> www.musikschule-ziebart.de /html/bilder AM.pdf
2010.11.30 14:32 B C:\Musikschule\bilder\Termin.pdf --> www.musikschule-ziebart.de /html/bilder Termin.pdf
2010.12.02 13:48 B C:\Musikschule\bilder\Termin.pdf --> www.musikschule-ziebart.de /html/bilder Termin.pdf
2010.12.02 13:54 B C:\Musikschule\bilder\Termin.pdf --> www.musikschule-ziebart.de /html/bilder Termin.pdf
2010.12.11 20:37 B C:\Musikschule\bilder\Termin.pdf --> www.musikschule-ziebart.de /html/bilder Termin.pdf
2010.12.23 10:40 B C:\Musikschule\bilder\Termin.pdf --> www.musikschule-ziebart.de /html/bilder Termin.pdf
2010.12.23 19:29 B C:\Musikschule\bilder\Termin.pdf --> www.musikschule-ziebart.de /html/bilder Termin.pdf
2011.01.02 19:52 B C:\Musikschule\bilder\Termin.pdf --> www.musikschule-ziebart.de /html/bilder Termin.pdf
2011.01.08 06:22 B C:\Musikschule\bilder\Termin.pdf --> www.musikschule-ziebart.de /html/bilder Termin.pdf
2011.01.09 17:10 B C:\Musikschule\bilder\Termin.pdf --> www.musikschule-ziebart.de /html/bilder Termin.pdf
2011.01.17 10:31 B C:\Musikschule\bilder\Termin.pdf --> www.musikschule-ziebart.de /html/bilder Termin.pdf
2011.01.17 10:38 B C:\Musikschule\bilder\AM.pdf --> www.musikschule-ziebart.de /html/bilder AM.pdf
2011.01.17 18:34 B C:\Musikschule\bilder\Termin.pdf --> www.musikschule-ziebart.de /html/bilder Termin.pdf
2011.01.21 10:19 B C:\Musikschule\bilder\AM.pdf --> www.musikschule-ziebart.de /html/bilder AM.pdf
2011.01.23 18:06 B C:\Musikschule\bilder\Termin.pdf --> www.musikschule-ziebart.de /html/bilder Termin.pdf
2011.01.23 18:06 B C:\Musikschule\bilder\AM.pdf --> www.musikschule-ziebart.de /html/bilder AM.pdf
2011.01.23 18:20 B C:\Musikschule\bilder\AM.pdf --> www.musikschule-ziebart.de /html/bilder AM.pdf
2011.01.23 18:20 B C:\Musikschule\bilder\Termin.pdf --> www.musikschule-ziebart.de /html/bilder Termin.pdf
2011.01.23 20:40 B C:\Musikschule\bilder\Termin.pdf --> www.musikschule-ziebart.de /html/bilder Termin.pdf
2011.01.26 17:48 B C:\Musikschule\bilder\AM.pdf --> www.musikschule-ziebart.de /html/bilder AM.pdf
2011.01.26 17:48 B C:\Musikschule\bilder\Termin.pdf --> www.musikschule-ziebart.de /html/bilder Termin.pdf
2011.01.31 22:22 B C:\Musikschule\bilder\AM.pdf --> www.musikschule-ziebart.de /html/bilder AM.pdf
2011.01.31 22:22 B C:\Musikschule\bilder\Termin.pdf --> www.musikschule-ziebart.de /html/bilder Termin.pdf
2011.02.10 14:16 B C:\Musikschule\bilder\AM.pdf --> www.musikschule-ziebart.de /html/bilder AM.pdf
2011.02.10 14:16 B C:\Musikschule\bilder\Termin.pdf --> www.musikschule-ziebart.de /html/bilder Termin.pdf
2011.02.11 00:43 B C:\Musikschule\bilder\Termin.pdf --> www.musikschule-ziebart.de /html/bilder Termin.pdf
2011.02.13 22:04 B C:\Musikschule\bilder\Termin.pdf --> www.musikschule-ziebart.de /html/bilder Termin.pdf
2011.02.15 05:03 B C:\Musikschule\bilder\Termin.pdf --> www.musikschule-ziebart.de /html/bilder Termin.pdf
2011.02.17 19:37 B C:\Musikschule\bilder\Termin.pdf --> www.musikschule-ziebart.de /html/bilder Termin.pdf
2011.02.18 11:22 B C:\Musikschule\bilder\Termin.pdf --> www.musikschule-ziebart.de /html/bilder Termin.pdf
2011.02.18 11:23 B C:\Musikschule\bilder\AM.pdf --> www.musikschule-ziebart.de /html/bilder AM.pdf
2011.02.24 20:34 B C:\Musikschule\bilder\Termin.pdf --> www.musikschule-ziebart.de /html/bilder Termin.pdf
2011.02.25 22:49 B C:\Musikschule\bilder\Termin.pdf --> www.musikschule-ziebart.de /html/bilder Termin.pdf
2011.02.25 22:49 B C:\Musikschule\bilder\AM.pdf --> www.musikschule-ziebart.de /html/bilder AM.pdf
2011.02.26 20:22 B C:\Musikschule\bilder\Termin.pdf --> www.musikschule-ziebart.de /html/bilder Termin.pdf
2011.03.01 18:02 B C:\Musikschule\bilder\Termin.pdf --> www.musikschule-ziebart.de /html/bilder Termin.pdf
2011.03.05 09:24 B C:\Musikschule\bilder\Termin.pdf --> www.musikschule-ziebart.de /html/bilder Termin.pdf
2011.03.09 19:22 B C:\Musikschule\bilder\Termin.pdf --> www.musikschule-ziebart.de /html/bilder Termin.pdf
2011.03.12 18:27 B C:\Musikschule\bilder\Termin.pdf --> www.musikschule-ziebart.de /html/bilder Termin.pdf
2011.03.16 19:13 B C:\Musikschule\bilder\Termin.pdf --> www.musikschule-ziebart.de /html/bilder Termin.pdf
2011.03.16 19:13 B C:\Musikschule\bilder\AM.pdf --> www.musikschule-ziebart.de /html/bilder AM.pdf
2011.03.17 06:31 B C:\Musikschule\bilder\Termin.pdf --> www.musikschule-ziebart.de /html/bilder Termin.pdf
2011.03.17 06:31 B C:\Musikschule\bilder\AM.pdf --> www.musikschule-ziebart.de /html/bilder AM.pdf
2011.03.22 06:59 B C:\Musikschule\bilder\Termin.pdf --> www.musikschule-ziebart.de /html/bilder Termin.pdf
2011.03.22 06:59 B C:\Musikschule\bilder\AM.pdf --> www.musikschule-ziebart.de /html/bilder AM.pdf
2011.03.24 10:32 B C:\Musikschule\bilder\Termin.pdf --> www.musikschule-ziebart.de /html/bilder Termin.pdf
2011.03.27 18:55 B C:\Musikschule\bilder\Termin.pdf --> www.musikschule-ziebart.de /html/bilder Termin.pdf
2011.03.28 19:05 B C:\Musikschule\bilder\Termin.pdf --> www.musikschule-ziebart.de /html/bilder Termin.pdf
2011.03.30 10:28 B C:\Musikschule\bilder\Termin.pdf --> www.musikschule-ziebart.de /html/bilder Termin.pdf
2011.03.31 09:22 B C:\Musikschule\bilder\Termin.pdf --> www.musikschule-ziebart.de /html/bilder Termin.pdf
2011.04.02 21:42 B C:\Musikschule\bilder\AM.pdf --> www.musikschule-ziebart.de /html/bilder AM.pdf
2011.04.02 21:42 B C:\Musikschule\bilder\Termin.pdf --> www.musikschule-ziebart.de /html/bilder Termin.pdf
2011.04.07 19:33 B C:\Musikschule\bilder\AM.pdf --> www.musikschule-ziebart.de /html/bilder AM.pdf
2011.04.07 19:33 B C:\Musikschule\bilder\Termin.pdf --> www.musikschule-ziebart.de /html/bilder Termin.pdf
2011.04.07 20:16 B C:\Musikschule\bilder\AM.pdf --> www.musikschule-ziebart.de /html/bilder AM.pdf
2011.04.07 20:16 B C:\Musikschule\bilder\Termin.pdf --> www.musikschule-ziebart.de /html/bilder Termin.pdf
2011.04.12 15:34 B C:\Musikschule\bilder\Termin.pdf --> www.musikschule-ziebart.de /html/bilder Termin.pdf
2011.04.15 04:25 B C:\Musikschule\bilder\Termin.pdf --> www.musikschule-ziebart.de /html/bilder Termin.pdf
2011.04.29 11:20 B C:\Musikschule\bilder\Termin.pdf --> www.musikschule-ziebart.de /html/bilder Termin.pdf
2011.05.04 11:10 B C:\Musikschule\bilder\Termin.pdf --> www.musikschule-ziebart.de /html/bilder Termin.pdf
2011.05.11 18:51 B C:\Musikschule\bilder\Termin.pdf --> www.musikschule-ziebart.de /html/bilder Termin.pdf
2011.05.12 21:19 B C:\Musikschule\bilder\AM.pdf --> www.musikschule-ziebart.de /html/bilder AM.pdf
2011.05.12 21:20 B C:\Musikschule\bilder\Termin.pdf --> www.musikschule-ziebart.de /html/bilder Termin.pdf
2011.05.19 10:36 B C:\Musikschule\bilder\AM.pdf --> www.musikschule-ziebart.de /html/bilder AM.pdf
2011.05.19 10:36 B C:\Musikschule\bilder\Termin.pdf --> www.musikschule-ziebart.de /html/bilder Termin.pdf
2011.05.21 09:33 B C:\Musikschule\bilder\Termin.pdf --> www.musikschule-ziebart.de /html/bilder Termin.pdf
2011.05.24 05:17 B C:\Musikschule\bilder\Termin.pdf --> www.musikschule-ziebart.de /html/bilder Termin.pdf
2011.05.26 21:33 B C:\Musikschule\bilder\AM.pdf --> www.musikschule-ziebart.de /html/bilder AM.pdf
2011.05.26 21:33 B C:\Musikschule\bilder\Termin.pdf --> www.musikschule-ziebart.de /html/bilder Termin.pdf
2011.05.27 10:51 B C:\Musikschule\bilder\Termin.pdf --> www.musikschule-ziebart.de /html/bilder Termin.pdf
2011.06.02 10:20 B C:\Musikschule\bilder\Termin.pdf --> www.musikschule-ziebart.de /html/bilder Termin.pdf
2011.06.02 10:20 B C:\Musikschule\bilder\AM.pdf --> www.musikschule-ziebart.de /html/bilder AM.pdf
2011.06.03 13:05 B C:\Musikschule\bilder\Termin.pdf --> www.musikschule-ziebart.de /html/bilder Termin.pdf
2011.06.06 23:24 B C:\Musikschule\bilder\Termin.pdf --> www.musikschule-ziebart.de /html/bilder Termin.pdf
2011.06.07 11:32 B C:\Musikschule\bilder\Termin.pdf --> www.musikschule-ziebart.de /html/bilder Termin.pdf
2011.06.09 21:44 B C:\Musikschule\bilder\Termin.pdf --> www.musikschule-ziebart.de /html/bilder Termin.pdf
2011.06.11 15:28 B C:\Musikschule\bilder\AM.pdf --> www.musikschule-ziebart.de /html/bilder AM.pdf
2011.06.11 15:28 B C:\Musikschule\bilder\Termin.pdf --> www.musikschule-ziebart.de /html/bilder Termin.pdf
2011.06.17 15:38 B C:\Musikschule\bilder\Termin.pdf --> www.musikschule-ziebart.de /html/bilder Termin.pdf
2011.06.19 10:33 B C:\Musikschule\bilder\Termin.pdf --> www.musikschule-ziebart.de /html/bilder Termin.pdf
2011.06.25 22:07 B C:\Musikschule\bilder\Termin.pdf --> www.musikschule-ziebart.de /html/bilder Termin.pdf
2011.06.29 18:09 B C:\Musikschule\bilder\Termin.pdf --> www.musikschule-ziebart.de /html/bilder Termin.pdf
2011.07.02 16:00 B C:\Musikschule\bilder\Termin.pdf --> www.musikschule-ziebart.de /html/bilder Termin.pdf
2011.07.02 16:09 B C:\Musikschule\bilder\Termin.pdf --> www.musikschule-ziebart.de /html/bilder Termin.pdf
2011.07.02 17:45 B C:\Musikschule\bilder\Termin.pdf --> www.musikschule-ziebart.de /html/bilder Termin.pdf
2011.07.14 07:13 B C:\Musikschule\bilder\Termin.pdf --> www.musikschule-ziebart.de /html/bilder Termin.pdf
2011.07.14 19:55 B C:\Musikschule\bilder\Termin.pdf --> www.musikschule-ziebart.de /html/bilder Termin.pdf
2011.07.17 08:57 B C:\Musikschule\bilder\Termin.pdf --> www.musikschule-ziebart.de /html/bilder Termin.pdf
2011.07.19 10:33 B C:\Musikschule\bilder\AM.pdf --> www.musikschule-ziebart.de /html/bilder AM.pdf
2011.07.19 10:33 B C:\Musikschule\bilder\Termin.pdf --> www.musikschule-ziebart.de /html/bilder Termin.pdf
2011.07.19 10:55 B C:\Musikschule\bilder\Termin.pdf --> www.musikschule-ziebart.de /html/bilder Termin.pdf
2011.07.25 09:43 B C:\Musikschule\bilder\Termin.pdf --> www.musikschule-ziebart.de /html/bilder Termin.pdf
2011.07.25 13:56 B C:\Musikschule\bilder\Termin.pdf --> www.musikschule-ziebart.de /html/bilder Termin.pdf
2011.08.24 14:21 B C:\Musikschule\bilder\Termin.pdf --> www.musikschule-ziebart.de /html/bilder Termin.pdf
2011.09.03 10:20 B C:\Musikschule\bilder\Termin.pdf --> www.musikschule-ziebart.de /html/bilder Termin.pdf
2011.09.03 10:20 B C:\Musikschule\bilder\AM.pdf --> www.musikschule-ziebart.de /html/bilder AM.pdf
2011.09.03 10:31 B C:\Musikschule\bilder\Termin.pdf --> www.musikschule-ziebart.de /html/bilder Termin.pdf
2011.09.15 09:54 B C:\Musikschule\bilder\Termin.pdf --> www.musikschule-ziebart.de /html/bilder Termin.pdf
2011.09.15 09:54 B C:\Musikschule\bilder\AM.pdf --> www.musikschule-ziebart.de /html/bilder AM.pdf
2011.09.15 14:06 B C:\Musikschule\bilder\Termin.pdf --> www.musikschule-ziebart.de /html/bilder Termin.pdf
2011.09.15 14:07 B C:\Musikschule\bilder\AM.pdf --> www.musikschule-ziebart.de /html/bilder AM.pdf
2011.09.17 08:54 B C:\Musikschule\bilder\AM.pdf --> www.musikschule-ziebart.de /html/bilder AM.pdf
2011.09.17 08:54 B C:\Musikschule\bilder\Termin.pdf --> www.musikschule-ziebart.de /html/bilder Termin.pdf
2011.09.19 21:40 B C:\Musikschule\bilder\AM.pdf --> www.musikschule-ziebart.de /html/bilder AM.pdf
2011.09.19 21:40 B C:\Musikschule\bilder\Termin.pdf --> www.musikschule-ziebart.de /html/bilder Termin.pdf
2011.09.20 08:33 B C:\Musikschule\bilder\Termin.pdf --> www.musikschule-ziebart.de /html/bilder Termin.pdf
2011.09.21 20:40 B C:\Musikschule\bilder\AM.pdf --> www.musikschule-ziebart.de /html/bilder AM.pdf
2011.09.21 20:41 B C:\Musikschule\bilder\Termin.pdf --> www.musikschule-ziebart.de /html/bilder Termin.pdf
2011.09.22 22:56 B C:\Musikschule\bilder\AM.pdf --> www.musikschule-ziebart.de /html/bilder AM.pdf
2011.09.22 22:56 B C:\Musikschule\bilder\Termin.pdf --> www.musikschule-ziebart.de /html/bilder Termin.pdf
2011.09.26 13:05 B C:\Musikschule\bilder\Termin.pdf --> www.musikschule-ziebart.de /html/bilder Termin.pdf
2011.09.26 13:05 B C:\Musikschule\bilder\AM.pdf --> www.musikschule-ziebart.de /html/bilder AM.pdf
2011.09.29 04:07 B C:\Musikschule\bilder\AM.pdf --> www.musikschule-ziebart.de /html/bilder AM.pdf
2011.09.29 04:07 B C:\Musikschule\bilder\Termin.pdf --> www.musikschule-ziebart.de /html/bilder Termin.pdf
2011.10.01 22:24 B C:\Musikschule\bilder\Termin.pdf --> www.musikschule-ziebart.de /html/bilder Termin.pdf
2011.10.01 22:24 B C:\Musikschule\bilder\AM.pdf --> www.musikschule-ziebart.de /html/bilder AM.pdf
2011.10.04 21:53 B C:\Musikschule\bilder\AM.pdf --> www.musikschule-ziebart.de /html/bilder AM.pdf
2011.10.04 21:53 B C:\Musikschule\bilder\Termin.pdf --> www.musikschule-ziebart.de /html/bilder Termin.pdf
2011.10.10 12:46 B C:\Musikschule\bilder\Termin.pdf --> www.musikschule-ziebart.de /html/bilder Termin.pdf
2011.10.13 23:04 B C:\Musikschule\bilder\Termin.pdf --> www.musikschule-ziebart.de /html/bilder Termin.pdf
2011.10.15 21:02 B C:\Musikschule\bilder\Termin.pdf --> www.musikschule-ziebart.de /html/bilder Termin.pdf
2011.10.19 14:20 B C:\Musikschule\bilder\Termin.pdf --> www.musikschule-ziebart.de /html/bilder Termin.pdf
2011.10.20 09:55 B C:\Musikschule\bilder\Termin.pdf --> www.musikschule-ziebart.de /html/bilder Termin.pdf
2011.10.20 15:00 B C:\Musikschule\bilder\Termin.pdf --> www.musikschule-ziebart.de /html/bilder Termin.pdf
2011.10.20 15:00 B C:\Musikschule\bilder\AM.pdf --> www.musikschule-ziebart.de /html/bilder AM.pdf
2011.10.23 19:32 B C:\Musikschule\bilder\Termin.pdf --> www.musikschule-ziebart.de /html/bilder Termin.pdf
2011.11.06 09:12 B C:\Musikschule\bilder\Termin.pdf --> www.musikschule-ziebart.de /html/bilder Termin.pdf
2011.11.14 18:52 B C:\Musikschule\bilder\AM.pdf --> www.musikschule-ziebart.de /html/bilder AM.pdf
2011.11.14 18:52 B C:\Musikschule\bilder\Termin.pdf --> www.musikschule-ziebart.de /html/bilder Termin.pdf
2011.11.14 18:57 B C:\Musikschule\bilder\Termin.pdf --> www.musikschule-ziebart.de /html/bilder Termin.pdf
2011.11.17 21:11 B C:\Musikschule\bilder\Termin.pdf --> www.musikschule-ziebart.de /html/bilder Termin.pdf
2011.11.19 10:03 B C:\Musikschule\bilder\Termin.pdf --> www.musikschule-ziebart.de /html/bilder Termin.pdf
2011.11.19 10:03 B C:\Musikschule\bilder\AM.pdf --> www.musikschule-ziebart.de /html/bilder AM.pdf
2011.11.25 06:44 B C:\Musikschule\bilder\Termin.pdf --> www.musikschule-ziebart.de /html/bilder Termin.pdf
2011.11.25 06:44 B C:\Musikschule\bilder\AM.pdf --> www.musikschule-ziebart.de /html/bilder AM.pdf
2011.12.05 20:15 B C:\Musikschule\bilder\Termin.pdf --> www.musikschule-ziebart.de /html/bilder Termin.pdf
2011.12.12 13:39 B C:\Musikschule\bilder\Termin.pdf --> www.musikschule-ziebart.de /html/bilder Termin.pdf
2011.12.30 17:06 B C:\Musikschule\bilder\Termin.pdf --> www.musikschule-ziebart.de /html/bilder Termin.pdf
2011.12.30 17:06 B C:\Musikschule\bilder\AM.pdf --> www.musikschule-ziebart.de /html/bilder AM.pdf
2012.01.14 10:07 B C:\Musikschule\bilder\Termin.pdf --> www.musikschule-ziebart.de /html/bilder Termin.pdf
2012.01.14 10:07 B C:\Musikschule\bilder\AM.pdf --> www.musikschule-ziebart.de /html/bilder AM.pdf
2012.01.16 20:12 B C:\Musikschule\bilder\Termin.pdf --> www.musikschule-ziebart.de /html/bilder Termin.pdf
2012.01.18 14:49 B C:\Musikschule\bilder\Termin.pdf --> www.musikschule-ziebart.de /html/bilder Termin.pdf
2012.01.23 19:06 B C:\Musikschule\bilder\Termin.pdf --> www.musikschule-ziebart.de /html/bilder Termin.pdf
2012.01.23 20:13 B C:\Musikschule\bilder\Termin.pdf --> www.musikschule-ziebart.de /html/bilder Termin.pdf
2012.01.24 21:56 B C:\Musikschule\bilder\Termin.pdf --> www.musikschule-ziebart.de /html/bilder Termin.pdf
2012.02.09 21:00 B C:\Musikschule\bilder\Termin.pdf --> www.musikschule-ziebart.de /html/bilder Termin.pdf
2012.02.16 13:45 B C:\Musikschule\bilder\Termin.pdf --> www.musikschule-ziebart.de /html/bilder Termin.pdf
2012.02.16 21:40 B C:\Musikschule\bilder\Termin.pdf --> www.musikschule-ziebart.de /html/bilder Termin.pdf
2012.02.16 21:40 B C:\Musikschule\bilder\AM.pdf --> www.musikschule-ziebart.de /html/bilder AM.pdf
2012.02.18 01:43 B C:\Musikschule\bilder\Termin.pdf --> www.musikschule-ziebart.de /html/bilder Termin.pdf
2012.02.25 02:05 B C:\Musikschule\bilder\Termin.pdf --> www.musikschule-ziebart.de /html/bilder Termin.pdf
2012.02.29 20:30 B C:\Musikschule\bilder\Termin.pdf --> www.musikschule-ziebart.de /html/bilder Termin.pdf
2012.03.01 20:48 B C:\Musikschule\bilder\Termin.pdf --> www.musikschule-ziebart.de /html/bilder Termin.pdf
2012.03.03 19:19 B C:\Musikschule\bilder\Termin.pdf --> www.musikschule-ziebart.de /html/bilder Termin.pdf
2012.03.05 22:23 B C:\Musikschule\bilder\Termin.pdf --> www.musikschule-ziebart.de /html/bilder Termin.pdf
2012.03.05 22:23 B C:\Musikschule\bilder\AM.pdf --> www.musikschule-ziebart.de /html/bilder AM.pdf
2012.03.05 23:24 B C:\Musikschule\bilder\Termin.pdf --> www.musikschule-ziebart.de /html/bilder Termin.pdf
2012.03.08 09:01 B C:\Musikschule\bilder\Termin.pdf --> www.musikschule-ziebart.de /html/bilder Termin.pdf
2012.03.11 23:50 B C:\Musikschule\bilder\Termin.pdf --> www.musikschule-ziebart.de /html/bilder Termin.pdf
2012.03.11 23:50 B C:\Musikschule\bilder\AM.pdf --> www.musikschule-ziebart.de /html/bilder AM.pdf
2012.03.12 19:01 B C:\Musikschule\bilder\Termin.pdf --> www.musikschule-ziebart.de /html/bilder Termin.pdf
2012.03.22 13:48 B C:\Musikschule\bilder\AM.pdf --> www.musikschule-ziebart.de /html/bilder AM.pdf
2012.03.22 13:48 B C:\Musikschule\bilder\Termin.pdf --> www.musikschule-ziebart.de /html/bilder Termin.pdf
2012.03.23 18:19 B C:\Musikschule\bilder\Termin.pdf --> www.musikschule-ziebart.de /html/bilder Termin.pdf
2012.03.23 18:19 B C:\Musikschule\bilder\AM.pdf --> www.musikschule-ziebart.de /html/bilder AM.pdf
2012.03.24 15:39 B C:\Musikschule\bilder\AM.pdf --> www.musikschule-ziebart.de /html/bilder AM.pdf
2012.03.24 15:39 B C:\Musikschule\bilder\Termin.pdf --> www.musikschule-ziebart.de /html/bilder Termin.pdf
2012.03.28 18:51 B C:\Musikschule\bilder\Termin.pdf --> www.musikschule-ziebart.de /html/bilder Termin.pdf
2012.03.29 14:24 B C:\Musikschule\bilder\Termin.pdf --> www.musikschule-ziebart.de /html/bilder Termin.pdf
2012.04.04 01:01 B C:\Musikschule\bilder\Termin.pdf --> www.musikschule-ziebart.de /html/bilder Termin.pdf
2012.04.30 19:17 B C:\Musikschule\bilder\Termin.pdf --> www.musikschule-ziebart.de /html/bilder Termin.pdf
2012.05.02 07:34 B C:\Musikschule\bilder\Termin.pdf --> www.musikschule-ziebart.de /html/bilder Termin.pdf
2012.05.03 19:58 B C:\Musikschule\bilder\Termin.pdf --> www.musikschule-ziebart.de /html/bilder Termin.pdf
2012.05.05 07:04 B C:\Musikschule\bilder\Termin.pdf --> www.musikschule-ziebart.de /html/bilder Termin.pdf
2012.05.12 19:57 B C:\Musikschule\bilder\Button_orange.jpg --> www.musikschule-ziebart.de /html/bilder Button_orange.jpg
2012.05.12 23:05 B C:\Musikschule\bilder\Button_orange10.tif --> www.musikschule-ziebart.de /html/bilder Button_orange10.tif
2012.05.13 00:11 B C:\Musikschule\bilder\Button_orange10.gif --> www.musikschule-ziebart.de /html/bilder Button_orange10.gif
2012.05.14 19:21 B C:\Musikschule\bilder\Termin.pdf --> www.musikschule-ziebart.de /html/bilder Termin.pdf
2012.05.16 18:25 B C:\Musikschule\bilder\Termin.pdf --> www.musikschule-ziebart.de /html/bilder Termin.pdf
2012.05.18 19:34 B C:\Musikschule\bilder\Termin.pdf --> www.musikschule-ziebart.de /html/bilder Termin.pdf
2012.05.21 20:42 B C:\Musikschule\bilder\Termin.pdf --> www.musikschule-ziebart.de /html/bilder Termin.pdf
2012.05.24 19:21 B C:\Musikschule\bilder\Termin.pdf --> www.musikschule-ziebart.de /html/bilder Termin.pdf
2012.05.25 18:56 B C:\Musikschule\bilder\Termin.pdf --> www.musikschule-ziebart.de /html/bilder Termin.pdf
2012.06.10 08:57 B C:\Musikschule\bilder\Termin.pdf --> www.musikschule-ziebart.de /html/bilder Termin.pdf
2012.06.10 09:59 B C:\Musikschule\bilder\Termin.pdf --> www.musikschule-ziebart.de /html/bilder Termin.pdf
2012.06.12 12:26 B C:\Musikschule\bilder\Termin.pdf --> www.musikschule-ziebart.de /html/bilder Termin.pdf
2012.06.22 08:51 B C:\Musikschule\bilder\Termin.pdf --> www.musikschule-ziebart.de /html/bilder Termin.pdf
2012.06.26 20:58 B C:\Musikschule\bilder\Termin.pdf --> www.musikschule-ziebart.de /html/bilder Termin.pdf
2012.06.27 18:47 B C:\Musikschule\bilder\Termin.pdf --> www.musikschule-ziebart.de /html/bilder Termin.pdf
2012.06.28 18:58 B C:\Musikschule\bilder\Termin.pdf --> www.musikschule-ziebart.de /html/bilder Termin.pdf
2012.07.02 19:27 B C:\Musikschule\bilder\Termin.pdf --> www.musikschule-ziebart.de /html/bilder Termin.pdf
2012.07.05 19:23 B C:\Musikschule\bilder\Termin.pdf --> www.musikschule-ziebart.de /html/bilder Termin.pdf
2012.07.09 19:35 B C:\Musikschule\bilder\Termin.pdf --> www.musikschule-ziebart.de /html/bilder Termin.pdf
2012.07.12 19:25 B C:\Musikschule\bilder\Termin.pdf --> www.musikschule-ziebart.de /html/bilder Termin.pdf
2012.07.15 23:34 B C:\Musikschule\bilder\Termin.pdf --> www.musikschule-ziebart.de /html/bilder Termin.pdf
2012.07.16 19:23 B C:\Musikschule\bilder\Termin.pdf --> www.musikschule-ziebart.de /html/bilder Termin.pdf
2012.07.25 14:32 B C:\Musikschule\bilder\Termin.pdf --> www.musikschule-ziebart.de /html/bilder Termin.pdf
2012.07.26 18:56 B C:\Musikschule\bilder\Termin.pdf --> www.musikschule-ziebart.de /html/bilder Termin.pdf
2012.07.31 04:14 B C:\Musikschule\bilder\Termin.pdf --> www.musikschule-ziebart.de /html/bilder Termin.pdf
2012.08.04 21:48 B C:\Musikschule\bilder\Bildergarlerie.pdf --> www.musikschule-ziebart.de /html/bilder Bildergarlerie.pdf
2012.08.04 21:56 B C:\Musikschule\bilder\Bildergalerie.pdf --> www.musikschule-ziebart.de /html/bilder Bildergalerie.pdf
2012.08.04 23:46 B C:\Musikschule\bilder\Bildergalerie.pdf --> www.musikschule-ziebart.de /html/bilder Bildergalerie.pdf
2012.08.05 07:51 B C:\Musikschule\bilder\Bildergalerie.pdf --> www.musikschule-ziebart.de /html/bilder Bildergalerie.pdf
2012.08.05 08:59 B C:\Musikschule\bilder\Bildergalerie.pdf --> www.musikschule-ziebart.de /html/bilder Bildergalerie.pdf
2012.08.05 20:50 B C:\Musikschule\bilder\Bildergalerie.pdf --> www.musikschule-ziebart.de /html/bilder Bildergalerie.pdf
2012.08.05 21:19 B C:\Musikschule\bilder\Termin.pdf --> www.musikschule-ziebart.de /html/bilder Termin.pdf
2012.08.06 17:59 B C:\Musikschule\bilder\Lullaby In Blue.pdf --> www.musikschule-ziebart.de /html/bilder Lullaby In Blue.pdf
2012.08.06 18:06 B C:\Musikschule\bilder\Bildergalerie.pdf --> www.musikschule-ziebart.de /html/bilder Bildergalerie.pdf
2012.08.06 18:12 B C:\Musikschule\bilder\Bildergalerie.pdf --> www.musikschule-ziebart.de /html/bilder Bildergalerie.pdf
2012.08.06 23:14 B C:\Musikschule\bilder\Bildergalerie.pdf --> www.musikschule-ziebart.de /html/bilder Bildergalerie.pdf
2012.08.06 23:14 B C:\Musikschule\bilder\Nocturne.pdf --> www.musikschule-ziebart.de /html/bilder Nocturne.pdf
2012.08.07 09:02 B C:\Musikschule\bilder\Bildergalerie.pdf --> www.musikschule-ziebart.de /html/bilder Bildergalerie.pdf
2012.08.07 17:41 B C:\Musikschule\bilder\Bildergalerie.pdf --> www.musikschule-ziebart.de /html/bilder Bildergalerie.pdf
2012.08.26 11:44 B C:\Musikschule\bilder\Intermezzo - Orgel.pdf --> www.musikschule-ziebart.de /html/bilder Intermezzo - Orgel.pdf
2012.08.28 16:48 B C:\Musikschule\bilder\Intermezzo - Orgel.pdf --> www.musikschule-ziebart.de /html/bilder Intermezzo - Orgel.pdf
2012.08.28 19:05 B C:\Musikschule\bilder\Bildergalerie.pdf --> www.musikschule-ziebart.de /html/bilder Bildergalerie.pdf
2012.09.04 22:42 B C:\Musikschule\bilder\AM.pdf --> www.musikschule-ziebart.de /html/bilder AM.pdf
2012.09.04 22:42 B C:\Musikschule\bilder\Termin.pdf --> www.musikschule-ziebart.de /html/bilder Termin.pdf
2012.09.11 14:26 B C:\Musikschule\bilder\Button_orange10.gif --> www.musikschule-ziebart.de /html/bilder Button_orange10.gif
2012.09.17 21:52 B C:\Musikschule\bilder\AM.pdf --> www.musikschule-ziebart.de /html/bilder AM.pdf
2012.09.17 21:52 B C:\Musikschule\bilder\Termin.pdf --> www.musikschule-ziebart.de /html/bilder Termin.pdf
2012.09.18 15:00 B C:\Musikschule\bilder\AM.pdf --> www.musikschule-ziebart.de /html AM.pdf
2012.09.18 15:00 B C:\Musikschule\bilder\AM.pdf --> www.musikschule-ziebart.de /html/bilder AM.pdf
2012.09.18 15:00 B C:\Musikschule\bilder\Termin.pdf --> www.musikschule-ziebart.de /html/bilder Termin.pdf
2012.09.18 19:06 B C:\Musikschule\bilder\Termin.pdf --> www.musikschule-ziebart.de /html/bilder Termin.pdf
2012.09.18 19:13 B C:\Musikschule\bilder\Termin.pdf --> www.musikschule-ziebart.de /html/bilder Termin.pdf
2012.09.19 18:05 B C:\Musikschule\bilder\AM.pdf --> www.musikschule-ziebart.de /html/bilder AM.pdf
2012.09.19 18:05 B C:\Musikschule\bilder\Termin.pdf --> www.musikschule-ziebart.de /html/bilder Termin.pdf
2012.09.20 20:27 B C:\Musikschule\bilder\Termin.pdf --> www.musikschule-ziebart.de /html/bilder Termin.pdf
2012.09.20 20:28 B C:\Musikschule\bilder\AM.pdf --> www.musikschule-ziebart.de /html/bilder AM.pdf
2012.09.21 11:08 B C:\Musikschule\bilder\AM.pdf --> www.musikschule-ziebart.de /html/bilder AM.pdf
2012.09.21 11:08 B C:\Musikschule\bilder\Termin.pdf --> www.musikschule-ziebart.de /html/bilder Termin.pdf
2012.09.21 11:11 B C:\Musikschule\bilder\Termin.pdf --> www.musikschule-ziebart.de /html/bilder Termin.pdf
2012.09.26 08:00 B C:\Musikschule\bilder\Termin.pdf --> www.musikschule-ziebart.de /html/bilder Termin.pdf
2012.09.27 22:09 B C:\Musikschule\bilder\Termin.pdf --> www.musikschule-ziebart.de /html/bilder Termin.pdf
2012.10.02 18:51 B C:\Musikschule\bilder\AM.pdf --> www.musikschule-ziebart.de /html/bilder AM.pdf
2012.10.02 18:51 B C:\Musikschule\bilder\Termin.pdf --> www.musikschule-ziebart.de /html/bilder Termin.pdf
2012.10.04 19:45 B C:\Musikschule\bilder\Termin.pdf --> www.musikschule-ziebart.de /html/bilder Termin.pdf
2012.10.04 20:59 B C:\Musikschule\bilder\Termin.pdf --> www.musikschule-ziebart.de /html/bilder Termin.pdf
2012.10.04 20:59 B C:\Musikschule\bilder\AM.pdf --> www.musikschule-ziebart.de /html/bilder AM.pdf
2012.10.06 14:52 B C:\Musikschule\bilder\Termin.pdf --> www.musikschule-ziebart.de /html/bilder Termin.pdf
2012.10.09 06:17 B C:\Musikschule\bilder\Termin.pdf --> www.musikschule-ziebart.de /html/bilder Termin.pdf
2012.10.12 14:46 B C:\Musikschule\bilder\Termin.pdf --> www.musikschule-ziebart.de /html/bilder Termin.pdf
2012.10.15 10:41 B C:\Musikschule\bilder\Termin.pdf --> www.musikschule-ziebart.de /html/bilder Termin.pdf
2012.10.24 18:16 B C:\Musikschule\bilder\AM.pdf --> www.musikschule-ziebart.de /html/bilder AM.pdf
2012.10.24 18:17 B C:\Musikschule\bilder\Termin.pdf --> www.musikschule-ziebart.de /html/bilder Termin.pdf
2012.10.25 18:35 B C:\Musikschule\bilder\Termin.pdf --> www.musikschule-ziebart.de /html/bilder Termin.pdf
2012.11.03 09:49 B C:\Musikschule\bilder\Termin.pdf --> www.musikschule-ziebart.de /html/bilder Termin.pdf
2012.11.05 22:19 B C:\Musikschule\bilder\Termin.pdf --> www.musikschule-ziebart.de /html Termin.pdf
2012.11.06 09:58 B C:\Musikschule\bilder\Termin.pdf --> www.musikschule-ziebart.de /html/bilder Termin.pdf
2012.11.06 09:58 B C:\Musikschule\bilder\AM.pdf --> www.musikschule-ziebart.de /html/bilder AM.pdf
2012.11.07 21:34 B C:\Musikschule\bilder\Termin.pdf --> www.musikschule-ziebart.de /html/bilder Termin.pdf
2012.11.07 21:34 B C:\Musikschule\bilder\AM.pdf --> www.musikschule-ziebart.de /html/bilder AM.pdf
2012.11.08 20:25 B C:\Musikschule\bilder\Termin.pdf --> www.musikschule-ziebart.de /html/bilder Termin.pdf
2012.11.08 20:25 B C:\Musikschule\bilder\AM.pdf --> www.musikschule-ziebart.de /html/bilder AM.pdf
2012.11.12 19:19 B C:\Musikschule\bilder\Termin.pdf --> www.musikschule-ziebart.de /html/bilder Termin.pdf
2012.11.14 18:37 B C:\Musikschule\bilder\AM.pdf --> www.musikschule-ziebart.de /html/bilder AM.pdf
2012.11.14 18:37 B C:\Musikschule\bilder\Termin.pdf --> www.musikschule-ziebart.de /html/bilder Termin.pdf
2012.11.15 23:00 B C:\Musikschule\bilder\Termin.pdf --> www.musikschule-ziebart.de /html/bilder Termin.pdf
2012.11.15 23:00 B C:\Musikschule\bilder\AM.pdf --> www.musikschule-ziebart.de /html/bilder AM.pdf
2012.11.16 21:57 B C:\Musikschule\bilder\Termin.pdf --> www.musikschule-ziebart.de /html/bilder Termin.pdf
2012.11.21 01:19 B C:\Musikschule\bilder\index.htm <-- Musikschule /html index.htm
2012.11.21 01:38 B C:\Musikschule\bilder\index.htm --> www.musikschule-ziebart.de /html index.htm
2012.11.21 01:49 B C:\Musikschule\bilder\index.htm --> www.musikschule-ziebart.de /html index.htm
2012.11.21 21:09 B C:\Musikschule\bilder\Termin.pdf --> www.musikschule-ziebart.de /html/bilder Termin.pdf
2012.11.21 21:09 B C:\Musikschule\bilder\AM.pdf --> www.musikschule-ziebart.de /html/bilder AM.pdf
2012.11.24 16:42 B C:\Musikschule\bilder\Termin.pdf --> www.musikschule-ziebart.de /html/bilder Termin.pdf
2012.11.27 00:20 B C:\Musikschule\bilder\Termin.pdf --> www.musikschule-ziebart.de /html/bilder Termin.pdf
2012.11.30 18:59 B C:\Musikschule\bilder\Termin.pdf --> www.musikschule-ziebart.de /html/bilder Termin.pdf
2012.12.01 11:53 B C:\Musikschule\bilder\Termin.pdf --> www.musikschule-ziebart.de /html/bilder Termin.pdf
2012.12.04 14:54 B C:\Musikschule\bilder\Termin.pdf --> www.musikschule-ziebart.de /html/bilder Termin.pdf
2012.12.06 18:55 B C:\Musikschule\bilder\Termin.pdf --> www.musikschule-ziebart.de /html/bilder Termin.pdf
2012.12.11 11:28 B C:\Musikschule\bilder\Termin.pdf --> www.musikschule-ziebart.de /html/bilder Termin.pdf
2012.12.11 18:12 B C:\Musikschule\bilder\Termin.pdf --> www.musikschule-ziebart.de /html/bilder Termin.pdf
2012.12.17 19:07 B C:\Musikschule\bilder\Termin.pdf --> www.musikschule-ziebart.de /html Termin.pdf
2012.12.29 11:59 B C:\Musikschule\bilder\Termin.pdf --> www.musikschule-ziebart.de /html/bilder Termin.pdf
2012.12.29 12:02 B C:\Musikschule\bilder\SAM_0026.JPG <-- Musikschule /html/bilder SAM_0026.JPG
2013.01.10 09:55 B C:\Musikschule\bilder\Termin.pdf --> www.musikschule-ziebart.de /html Termin.pdf
2013.01.10 18:42 B C:\Musikschule\bilder\Termin.pdf --> www.musikschule-ziebart.de /html Termin.pdf
2013.01.11 11:39 B C:\Musikschule\bilder\Termin.pdf --> www.musikschule-ziebart.de /html/bilder Termin.pdf
2013.01.14 11:28 B C:\Musikschule\bilder\Termin.pdf --> www.musikschule-ziebart.de /html/bilder Termin.pdf
2013.01.15 09:47 B C:\Musikschule\bilder\Termin.pdf --> www.musikschule-ziebart.de /html/bilder Termin.pdf
2013.01.19 10:17 B C:\Musikschule\bilder\Bildergalerie.pdf --> www.musikschule-ziebart.de /html/bilder Bildergalerie.pdf
2013.01.19 11:21 B C:\Musikschule\bilder\Bildergalerie.pdf --> www.musikschule-ziebart.de /html/bilder Bildergalerie.pdf
2013.01.24 09:29 B C:\Musikschule\bilder\AM.pdf --> www.musikschule-ziebart.de /html/bilder AM.pdf
2013.01.28 04:05 B C:\Musikschule\bilder\Termin.pdf --> www.musikschule-ziebart.de /html/bilder Termin.pdf
2013.02.02 17:59 B C:\Musikschule\bilder\AM.pdf --> www.musikschule-ziebart.de /html/bilder AM.pdf
2013.02.02 18:19 B C:\Musikschule\bilder\AM.pdf --> www.musikschule-ziebart.de /html/bilder AM.pdf
2013.02.03 11:23 B C:\Musikschule\bilder\Termin.pdf --> www.musikschule-ziebart.de /html/bilder Termin.pdf
2013.02.03 11:23 B C:\Musikschule\bilder\AM.pdf --> www.musikschule-ziebart.de /html/bilder AM.pdf
2013.02.05 06:57 B C:\Musikschule\bilder\AM.pdf --> www.musikschule-ziebart.de /html/bilder AM.pdf
2013.02.05 06:57 B C:\Musikschule\bilder\Termin.pdf --> www.musikschule-ziebart.de /html/bilder Termin.pdf
2013.02.05 07:03 B C:\Musikschule\bilder\Termin.pdf --> www.musikschule-ziebart.de /html/bilder Termin.pdf
2013.02.05 20:44 B C:\Musikschule\bilder\AM.pdf --> www.musikschule-ziebart.de /html/bilder AM.pdf
2013.02.05 20:48 B C:\Musikschule\bilder\AM.pdf --> www.musikschule-ziebart.de /html/bilder AM.pdf
2013.02.08 10:31 B C:\Musikschule\bilder\Termin.pdf --> www.musikschule-ziebart.de /html/bilder Termin.pdf
2013.02.08 18:49 B C:\Musikschule\bilder\Termin.pdf --> www.musikschule-ziebart.de /html/bilder Termin.pdf
2013.02.08 18:55 B C:\Musikschule\bilder\Termin.pdf --> www.musikschule-ziebart.de /html/bilder Termin.pdf
2013.02.15 19:57 B C:\Musikschule\bilder\AM.pdf --> www.musikschule-ziebart.de /html/bilder AM.pdf
2013.02.16 17:34 B C:\Musikschule\bilder\Termin.pdf --> www.musikschule-ziebart.de /html/bilder Termin.pdf
2013.02.22 20:12 B C:\Musikschule\bilder\Termin.pdf --> www.musikschule-ziebart.de /html/bilder Termin.pdf
2013.02.23 14:09 B C:\Musikschule\bilder\AM.pdf --> www.musikschule-ziebart.de /html/bilder AM.pdf
2013.02.23 14:10 B C:\Musikschule\bilder\Termin.pdf --> www.musikschule-ziebart.de /html/bilder Termin.pdf
2013.02.27 13:00 B C:\Musikschule\bilder\Termin.pdf --> www.musikschule-ziebart.de /html/bilder Termin.pdf
2013.02.28 18:59 B C:\Musikschule\bilder\Termin.pdf --> www.musikschule-ziebart.de /html/bilder Termin.pdf
2013.03.01 19:20 B C:\Musikschule\bilder\Termin.pdf --> www.musikschule-ziebart.de /html/bilder Termin.pdf
2013.03.03 21:28 B C:\Musikschule\bilder\Termin.pdf --> www.musikschule-ziebart.de /html/bilder Termin.pdf
2013.03.10 10:57 B C:\Musikschule\bilder\Termin.pdf --> www.musikschule-ziebart.de /html/bilder Termin.pdf
2013.03.11 19:41 B C:\Musikschule\bilder\Termin.pdf --> www.musikschule-ziebart.de /html/bilder Termin.pdf
2013.03.14 19:06 B C:\Musikschule\bilder\Termin.pdf --> www.musikschule-ziebart.de /html/bilder Termin.pdf
2013.03.20 21:51 B C:\Musikschule\bilder\Termin.pdf --> www.musikschule-ziebart.de /html Termin.pdf
2013.03.20 21:52 B C:\Musikschule\bilder\AM.pdf --> www.musikschule-ziebart.de /html AM.pdf
2013.03.21 22:02 B C:\Musikschule\bilder\Termin.pdf --> www.musikschule-ziebart.de /html/bilder Termin.pdf
2013.03.23 16:10 B C:\Musikschule\bilder\Termin.pdf --> www.musikschule-ziebart.de /html/bilder Termin.pdf
2013.03.23 16:10 B C:\Musikschule\bilder\AM.pdf --> www.musikschule-ziebart.de /html/bilder AM.pdf
2013.03.24 19:58 B C:\Musikschule\bilder\Termin.pdf --> www.musikschule-ziebart.de /html/bilder Termin.pdf
2013.04.08 19:50 B C:\Musikschule\bilder\Termin.pdf --> www.musikschule-ziebart.de /html/bilder Termin.pdf
2013.04.13 19:17 B C:\Musikschule\bilder\Termin.pdf --> www.musikschule-ziebart.de /html/bilder Termin.pdf
2013.04.15 22:20 B C:\Musikschule\bilder\Termin.pdf --> www.musikschule-ziebart.de /html/bilder Termin.pdf
2013.04.19 10:40 B C:\Musikschule\bilder\SwanLake.pdf --> www.musikschule-ziebart.de /html/bilder SwanLake.pdf
2013.05.06 22:08 B D:\musikschule\bilder\Termin.pdf --> www.musikschule-ziebart.de /html/bilder Termin.pdf
2013.05.10 18:54 B D:\Musikschule\bilder\Termin.pdf --> www.musikschule-ziebart.de /html/bilder Termin.pdf
2013.05.11 16:13 B D:\Musikschule\bilder\Termin.pdf --> www.musikschule-ziebart.de /html/bilder Termin.pdf
2013.05.12 23:29 B D:\Musikschule\bilder\Bildergalerie.pdf --> www.musikschule-ziebart.de /html/bilder Bildergalerie.pdf
2013.05.15 23:23 B C:\Musikschule\bilder\Termin.pdf --> www.musikschule-ziebart.de /html Termin.pdf
2013.05.15 23:23 B C:\Musikschule\bilder\Termin.pdf --> www.musikschule-ziebart.de /html/bilder Termin.pdf
2013.05.16 20:28 B C:\Musikschule\bilder\Termin.pdf --> www.musikschule-ziebart.de /html/bilder Termin.pdf
2013.05.20 09:37 B C:\Musikschule\bilder\Termin.pdf --> www.musikschule-ziebart.de /html/bilder Termin.pdf
2013.06.03 22:04 B F:\Musikschule\bilder\Termin.pdf --> www.musikschule-ziebart.de /html/bilder Termin.pdf
2013.06.06 18:55 B F:\Musikschule\bilder\Termin.pdf --> www.musikschule-ziebart.de /html/bilder Termin.pdf
2013.06.08 08:11 B C:\Musikschule\bilder\Aloha Oe.pdf --> server107.greatnet.de /html/bilder Aloha Oe.pdf
2013.06.08 08:11 B C:\Musikschule\bilder\Aloha.gif --> server107.greatnet.de /html/bilder Aloha.gif
2013.06.08 08:11 B C:\Musikschule\bilder\AM.pdf --> server107.greatnet.de /html/bilder AM.pdf
2013.06.08 08:11 B C:\Musikschule\bilder\AM_BAK.pdf --> server107.greatnet.de /html/bilder AM_BAK.pdf
2013.06.08 08:11 B C:\Musikschule\bilder\Barcaro.pdf --> server107.greatnet.de /html/bilder Barcaro.pdf
2013.06.08 08:12 B C:\Musikschule\bilder\Bildergalerie.pdf --> server107.greatnet.de /html/bilder Bildergalerie.pdf
2013.06.08 08:12 B C:\Musikschule\bilder\Button_orange.jpg --> server107.greatnet.de /html/bilder Button_orange.jpg
2013.06.08 08:12 B C:\Musikschule\bilder\Button_orange10.gif --> server107.greatnet.de /html/bilder Button_orange10.gif
2013.06.08 08:12 B C:\Musikschule\bilder\Einzelunterricht.pdf --> server107.greatnet.de /html/bilder Einzelunterricht.pdf
2013.06.08 08:12 B C:\Musikschule\bilder\Evelyn01.JPG --> server107.greatnet.de /html/bilder Evelyn01.JPG
2013.06.08 08:13 B C:\Musikschule\bilder\Evelyn02.JPG --> server107.greatnet.de /html/bilder Evelyn02.JPG
2013.06.08 08:13 B C:\Musikschule\bilder\Fiona03.JPG --> server107.greatnet.de /html/bilder Fiona03.JPG
2013.06.08 08:13 B C:\Musikschule\bilder\Flederm.pdf --> server107.greatnet.de /html/bilder Flederm.pdf
2013.06.08 08:13 B C:\Musikschule\bilder\Gruppenunterricht.pdf --> server107.greatnet.de /html/bilder Gruppenunterricht.pdf
2013.06.08 08:13 B C:\Musikschule\bilder\img1.png --> server107.greatnet.de /html/bilder img1.png
2013.06.08 08:13 B C:\Musikschule\bilder\index.htm --> server107.greatnet.de /html/bilder index.htm
2013.06.08 08:13 B C:\Musikschule\bilder\Intermezzo - Orgel.pdf --> server107.greatnet.de /html/bilder Intermezzo - Orgel.pdf
2013.06.08 08:13 B C:\Musikschule\bilder\Kleine Nachtmusik.pdf --> server107.greatnet.de /html/bilder Kleine Nachtmusik.pdf
2013.06.08 08:13 B C:\Musikschule\bilder\Mondschein.gif --> server107.greatnet.de /html/bilder Mondschein.gif
2013.06.08 08:13 B C:\Musikschule\bilder\Mondschein.pdf --> server107.greatnet.de /html/bilder Mondschein.pdf
2013.06.08 08:13 B C:\Musikschule\bilder\Morning.pdf --> server107.greatnet.de /html/bilder Morning.pdf
2013.06.08 08:13 B C:\Musikschule\bilder\Nachtmu1.gif --> server107.greatnet.de /html/bilder Nachtmu1.gif
2013.06.08 08:13 B C:\Musikschule\bilder\Notiz Variable.xdp --> server107.greatnet.de /html/bilder Notiz Variable.xdp
2013.06.08 08:13 B C:\Musikschule\bilder\Notiz Variable_BAK.xdp --> server107.greatnet.de /html/bilder Notiz Variable_BAK.xdp
2013.06.08 08:13 B C:\Musikschule\bilder\PM.pdf --> server107.greatnet.de /html/bilder PM.pdf
2013.06.08 08:13 B C:\Musikschule\bilder\PM1.gif --> server107.greatnet.de /html/bilder PM1.gif
2013.06.08 08:13 B C:\Musikschule\bilder\Schlitt.pdf --> server107.greatnet.de /html/bilder Schlitt.pdf
2013.06.08 08:13 B C:\Musikschule\bilder\stairway23.gif --> server107.greatnet.de /html/bilder stairway23.gif
2013.06.08 08:13 B C:\Musikschule\bilder\Stundenplan12.pdf --> server107.greatnet.de /html/bilder Stundenplan12.pdf
2013.06.08 08:13 B C:\Musikschule\bilder\Stundenplan12_BAK.pdf --> server107.greatnet.de /html/bilder Stundenplan12_BAK.pdf
2013.06.08 08:13 B C:\Musikschule\bilder\Stundenplan12_Daten.xml --> server107.greatnet.de /html/bilder Stundenplan12_Daten.xml
2013.06.08 08:13 B C:\Musikschule\bilder\SwanLake.pdf --> server107.greatnet.de /html/bilder SwanLake.pdf
2013.06.08 08:13 B C:\Musikschule\bilder\Termin.pdf --> server107.greatnet.de /html/bilder Termin.pdf
2013.06.08 08:13 B C:\Musikschule\bilder\Termin_BAK.pdf --> server107.greatnet.de /html/bilder Termin_BAK.pdf
2013.06.08 08:13 B C:\Musikschule\bilder\Watch.gif --> server107.greatnet.de /html/bilder Watch.gif
2013.06.08 08:13 B C:\Musikschule\bilder\Wondering Around.pdf --> server107.greatnet.de /html/bilder Wondering Around.pdf
2013.06.08 08:13 B C:\Musikschule\bilder\WS_FTP.LOG --> server107.greatnet.de /html/bilder WS_FTP.LOG
2013.06.11 12:37 B F:\Musikschule\bilder\Termin.pdf --> www.musikschule-ziebart.de /html/bilder Termin.pdf
2013.06.11 12:41 B F:\Musikschule\bilder\Termin.pdf --> server107.greatnet.de /html/bilder Termin.pdf
2013.06.12 05:03 B F:\Musikschule\bilder\Termin.pdf --> www.musikschule-ziebart.de /html/bilder Termin.pdf
2013.06.12 05:06 B F:\Musikschule\bilder\Termin.pdf --> server107.greatnet.de /html/bilder Termin.pdf
2013.06.12 20:40 B F:\Musikschule\bilder\Termin.pdf --> www.musikschule-ziebart.de /html/bilder Termin.pdf
2013.06.12 20:41 B F:\Musikschule\bilder\Termin.pdf --> server107.greatnet.de /html/bilder Termin.pdf
2013.06.13 13:09 B F:\Musikschule\bilder\Termin.pdf --> www.musikschule-ziebart.de /html/bilder Termin.pdf
2013.06.13 13:10 B F:\Musikschule\bilder\Termin.pdf --> server107.greatnet.de /html/bilder Termin.pdf
2013.06.13 14:59 B F:\Musikschule\bilder\Termin.pdf --> www.musikschule-ziebart.de /html/bilder Termin.pdf
2013.06.13 14:59 B F:\Musikschule\bilder\Termin.pdf --> server107.greatnet.de /html/bilder Termin.pdf
2013.06.15 17:14 B F:\Musikschule\bilder\AM.pdf --> www.musikschule-ziebart.de /html/bilder AM.pdf
2013.06.15 17:33 B C:\Musikschule\bilder\AM.pdf --> www.musikschule-ziebart.de /html/bilder AM.pdf
2013.06.15 17:43 B F:\Musikschule\bilder\AM.pdf --> www.musikschule-ziebart.de /html/bilder AM.pdf
2013.06.15 17:44 B F:\Musikschule\bilder\AM.pdf --> server107.greatnet.de /html/bilder AM.pdf
2013.06.18 09:32 B F:\Musikschule\bilder\AM.pdf --> server107.greatnet.de /html/bilder AM.pdf
2013.06.18 16:41 B F:\Musikschule\bilder\AM.pdf --> www.musikschule-ziebart.de /html/bilder AM.pdf
2013.07.04 19:49 B F:\Musikschule\bilder\Termin.pdf --> www.musikschule-ziebart.de /html/bilder Termin.pdf
2013.07.05 18:10 B F:\Musikschule\bilder\Termin.pdf --> www.musikschule-ziebart.de /html/bilder Termin.pdf
2013.07.05 22:43 B F:\Musikschule\bilder\Termin.pdf --> www.musikschule-ziebart.de /html/bilder Termin.pdf
2013.07.09 22:24 B F:\Musikschule\bilder\kontakt11.php --> www.musikschule-ziebart.de /html/bilder kontakt11.php
2013.07.10 20:57 B F:\Musikschule\bilder\Bildergalerie.pdf --> www.musikschule-ziebart.de /html/bilder Bildergalerie.pdf
2013.07.10 21:11 B F:\Musikschule\bilder\Bildergalerie.pdf --> www.musikschule-ziebart.de /html/bilder Bildergalerie.pdf
2013.07.10 21:22 B F:\Musikschule\bilder\Intermezzo - Orgel.pdf --> www.musikschule-ziebart.de /html/bilder Intermezzo - Orgel.pdf
2013.07.10 21:27 B F:\Musikschule\bilder\PM.pdf --> www.musikschule-ziebart.de /html/bilder PM.pdf
2013.07.10 21:59 B F:\Musikschule\bilder\PM.pdf --> www.musikschule-ziebart.de /html/bilder PM.pdf
2013.07.10 22:18 B F:\Musikschule\bilder\Bildergalerie.pdf --> www.musikschule-ziebart.de /html/bilder Bildergalerie.pdf
2013.07.11 21:01 B F:\Musikschule\bilder\Bildergalerie.pdf --> www.musikschule-ziebart.de /html/bilder Bildergalerie.pdf
2013.07.11 21:11 B F:\Musikschule\bilder\Bildergalerie.pdf --> www.musikschule-ziebart.de /html/bilder Bildergalerie.pdf
2013.07.11 21:12 B F:\Musikschule\bilder\Bildergalerie.pdf --> www.musikschule-ziebart.de /html/bilder Bildergalerie.pdf
2013.07.11 21:15 B F:\Musikschule\bilder\Bildergalerie.pdf --> www.musikschule-ziebart.de /html/bilder Bildergalerie.pdf
2013.07.14 23:28 B F:\Musikschule\bilder\Bildergalerie.pdf --> www.musikschule-ziebart.de /html/bilder Bildergalerie.pdf
2013.07.15 11:44 B C:\Musikschule\bilder\Aloha Oe.pdf --> www.musikschule-ziebart.de /html/bilder Aloha Oe.pdf
2013.07.15 11:44 B C:\Musikschule\bilder\Aloha.gif --> www.musikschule-ziebart.de /html/bilder Aloha.gif
2013.07.15 11:44 B C:\Musikschule\bilder\AM.pdf --> www.musikschule-ziebart.de /html/bilder AM.pdf
2013.07.15 11:44 B C:\Musikschule\bilder\AM_BAK.pdf --> www.musikschule-ziebart.de /html/bilder AM_BAK.pdf
2013.07.15 11:44 B C:\Musikschule\bilder\Barcaro.pdf --> www.musikschule-ziebart.de /html/bilder Barcaro.pdf
2013.07.15 11:45 B C:\Musikschule\bilder\Bildergalerie.pdf --> www.musikschule-ziebart.de /html/bilder Bildergalerie.pdf
2013.07.15 11:45 B C:\Musikschule\bilder\Button_orange.jpg --> www.musikschule-ziebart.de /html/bilder Button_orange.jpg
2013.07.15 11:45 B C:\Musikschule\bilder\Button_orange10.gif --> www.musikschule-ziebart.de /html/bilder Button_orange10.gif
2013.07.15 11:45 B C:\Musikschule\bilder\Einzelunterricht.pdf --> www.musikschule-ziebart.de /html/bilder Einzelunterricht.pdf
2013.07.15 11:45 B C:\Musikschule\bilder\Evelyn01.JPG --> www.musikschule-ziebart.de /html/bilder Evelyn01.JPG
2013.07.15 11:45 B C:\Musikschule\bilder\Evelyn02.JPG --> www.musikschule-ziebart.de /html/bilder Evelyn02.JPG
2013.07.15 11:45 B C:\Musikschule\bilder\Fiona03.JPG --> www.musikschule-ziebart.de /html/bilder Fiona03.JPG
2013.07.15 11:45 B C:\Musikschule\bilder\Flederm.pdf --> www.musikschule-ziebart.de /html/bilder Flederm.pdf
2013.07.15 11:45 B C:\Musikschule\bilder\Gruppenunterricht.pdf --> www.musikschule-ziebart.de /html/bilder Gruppenunterricht.pdf
2013.07.15 11:45 B C:\Musikschule\bilder\img1.png --> www.musikschule-ziebart.de /html/bilder img1.png
2013.07.15 11:45 B C:\Musikschule\bilder\Intermezzo - Orgel.pdf --> www.musikschule-ziebart.de /html/bilder Intermezzo - Orgel.pdf
2013.07.15 11:45 B C:\Musikschule\bilder\Kleine Nachtmusik.pdf --> www.musikschule-ziebart.de /html/bilder Kleine Nachtmusik.pdf
2013.07.15 11:45 B C:\Musikschule\bilder\kontakt11.php --> www.musikschule-ziebart.de /html/bilder kontakt11.php
2013.07.15 11:45 B C:\Musikschule\bilder\Mondschein.gif --> www.musikschule-ziebart.de /html/bilder Mondschein.gif
2013.07.15 11:45 B C:\Musikschule\bilder\Mondschein.pdf --> www.musikschule-ziebart.de /html/bilder Mondschein.pdf
2013.07.15 11:45 B C:\Musikschule\bilder\Morning.pdf --> www.musikschule-ziebart.de /html/bilder Morning.pdf
2013.07.15 11:45 B C:\Musikschule\bilder\Nachtmu1.gif --> www.musikschule-ziebart.de /html/bilder Nachtmu1.gif
2013.07.15 11:45 B C:\Musikschule\bilder\Notiz Variable.xdp --> www.musikschule-ziebart.de /html/bilder Notiz Variable.xdp
2013.07.15 11:45 B C:\Musikschule\bilder\Notiz Variable_BAK.xdp --> www.musikschule-ziebart.de /html/bilder Notiz Variable_BAK.xdp
2013.07.15 11:45 B C:\Musikschule\bilder\PM.pdf --> www.musikschule-ziebart.de /html/bilder PM.pdf
2013.07.15 11:45 B C:\Musikschule\bilder\PM1.gif --> www.musikschule-ziebart.de /html/bilder PM1.gif
2013.07.15 11:45 B C:\Musikschule\bilder\Schlitt.pdf --> www.musikschule-ziebart.de /html/bilder Schlitt.pdf
2013.07.15 11:45 B C:\Musikschule\bilder\stairway23.gif --> www.musikschule-ziebart.de /html/bilder stairway23.gif
2013.07.15 11:46 B C:\Musikschule\bilder\Stundenplan12.pdf --> www.musikschule-ziebart.de /html/bilder Stundenplan12.pdf
2013.07.15 11:46 B C:\Musikschule\bilder\Stundenplan12_BAK.pdf --> www.musikschule-ziebart.de /html/bilder Stundenplan12_BAK.pdf
2013.07.15 11:46 B C:\Musikschule\bilder\Stundenplan12_Daten.xml --> www.musikschule-ziebart.de /html/bilder Stundenplan12_Daten.xml
2013.07.15 11:46 B C:\Musikschule\bilder\SwanLake.pdf --> www.musikschule-ziebart.de /html/bilder SwanLake.pdf
2013.07.15 11:46 B C:\Musikschule\bilder\Termin.pdf --> www.musikschule-ziebart.de /html/bilder Termin.pdf
2013.07.15 11:46 B C:\Musikschule\bilder\Termin_BAK.pdf --> www.musikschule-ziebart.de /html/bilder Termin_BAK.pdf
2013.07.15 11:46 B C:\Musikschule\bilder\Watch.gif --> www.musikschule-ziebart.de /html/bilder Watch.gif
2013.07.15 11:46 B C:\Musikschule\bilder\Wondering Around.pdf --> www.musikschule-ziebart.de /html/bilder Wondering Around.pdf
